
Alice init Hydra Head

- Initializing head
✔ Head initialized
ℹ Number of transactions to generate: 3000 - 3/13/2025, 7:02:51 AM
ℹ Interval to process transactions: 60 seconds - 3/13/2025, 7:02:51 AM
- Processing dataset metadata
ℹ Processing dataset /tmp/many-transactions-interval-1741849371860.json
ℹ All participants committed to the head
- Waiting for head to open
ℹ Head is open
- Processing tx sequence
ℹ Processed: 3000, Confirmed: 3000, Failed: 0, TPS: 63.361987031913316
✔ Dataset metadata processed
⚠ Processing transactions took longer than the interval. Sleep 30 seconds - 3/13/2025, 7:06:46 AM
- Processing dataset metadata
- Processing tx sequence
ℹ Processed: 3000, Confirmed: 3000, Failed: 0, TPS: 63.37671117120163
✔ Dataset metadata processed
ℹ Sleeping for 8.13 seconds - 3/13/2025, 7:08:08 AM
- Processing dataset metadata
- Processing tx sequence
ℹ Processed: 3000, Confirmed: 3000, Failed: 0, TPS: 63.374033545988425
✔ Dataset metadata processed
ℹ Sleeping for 8.26 seconds - 3/13/2025, 7:09:30 AM
- Processing dataset metadata
- Processing tx sequence
ℹ Processed: 3000, Confirmed: 3000, Failed: 0, TPS: 63.403499873193
✔ Dataset metadata processed
ℹ Sleeping for 8.24 seconds - 3/13/2025, 7:10:51 AM
- Processing dataset metadata
- Processing tx sequence
ℹ Processed: 3000, Confirmed: 3000, Failed: 0, TPS: 63.379389022689814
✔ Dataset metadata processed
ℹ Sleeping for 8.34 seconds - 3/13/2025, 7:12:13 AM
- Processing dataset metadata
- Processing tx sequence
ℹ Processed: 3000, Confirmed: 3000, Failed: 0, TPS: 63.383406224250486
✔ Dataset metadata processed
ℹ Sleeping for 8.25 seconds - 3/13/2025, 7:13:35 AM
- Processing dataset metadata
- Processing tx sequence
ℹ Processed: 3000, Confirmed: 3000, Failed: 0, TPS: 63.39278167525991
✔ Dataset metadata processed
ℹ Sleeping for 8.26 seconds - 3/13/2025, 7:14:57 AM
- Processing dataset metadata
- Processing tx sequence
ℹ Processed: 3000, Confirmed: 3000, Failed: 0, TPS: 63.38742393509128
✔ Dataset metadata processed
ℹ Sleeping for 8.31 seconds - 3/13/2025, 7:16:18 AM
- Processing dataset metadata
- Processing tx sequence
ℹ Processed: 3000, Confirmed: 3000, Failed: 0, TPS: 63.406179989009594
✔ Dataset metadata processed
ℹ Sleeping for 8.28 seconds - 3/13/2025, 7:17:40 AM
- Processing dataset metadata
- Processing tx sequence
ℹ Processed: 3000, Confirmed: 3000, Failed: 0, TPS: 63.416902718471235
✔ Dataset metadata processed
ℹ Sleeping for 8.35 seconds - 3/13/2025, 7:19:02 AM
- Processing dataset metadata
- Processing tx sequence
ℹ Processed: 3000, Confirmed: 3000, Failed: 0, TPS: 63.40081998393846
✔ Dataset metadata processed
ℹ Sleeping for 8.25 seconds - 3/13/2025, 7:20:24 AM
- Processing dataset metadata
- Processing tx sequence
ℹ Processed: 3000, Confirmed: 3000, Failed: 0, TPS: 63.40483990277925
✔ Dataset metadata processed
ℹ Sleeping for 8.34 seconds - 3/13/2025, 7:21:45 AM
- Processing dataset metadata
- Processing tx sequence
ℹ Processed: 3000, Confirmed: 3000, Failed: 0, TPS: 63.41020058760119
✔ Dataset metadata processed
ℹ Sleeping for 8.24 seconds - 3/13/2025, 7:23:07 AM
- Processing dataset metadata
- Processing tx sequence
ℹ Processed: 3000, Confirmed: 3000, Failed: 0, TPS: 63.406179989009594
✔ Dataset metadata processed
ℹ Sleeping for 8.33 seconds - 3/13/2025, 7:24:29 AM
- Processing dataset metadata
- Processing tx sequence
ℹ Processed: 3000, Confirmed: 3000, Failed: 0, TPS: 63.39010269196636
✔ Dataset metadata processed
ℹ Sleeping for 8.25 seconds - 3/13/2025, 7:25:51 AM
- Processing dataset metadata
- Processing tx sequence
ℹ Processed: 3000, Confirmed: 3000, Failed: 0, TPS: 63.41958396752917
✔ Dataset metadata processed
ℹ Sleeping for 8.30 seconds - 3/13/2025, 7:27:12 AM
- Processing dataset metadata
- Processing tx sequence
ℹ Processed: 3000, Confirmed: 3000, Failed: 0, TPS: 63.41422169611905
✔ Dataset metadata processed
ℹ Sleeping for 8.31 seconds - 3/13/2025, 7:28:34 AM
- Processing dataset metadata
- Processing tx sequence
ℹ Processed: 3000, Confirmed: 3000, Failed: 0, TPS: 63.38742393509128
✔ Dataset metadata processed
ℹ Sleeping for 8.27 seconds - 3/13/2025, 7:29:56 AM
- Processing dataset metadata
- Processing tx sequence
ℹ Processed: 3000, Confirmed: 3000, Failed: 0, TPS: 63.403499873193
✔ Dataset metadata processed
ℹ Sleeping for 8.37 seconds - 3/13/2025, 7:31:18 AM
- Processing dataset metadata
- Processing tx sequence
ℹ Processed: 3000, Confirmed: 3000, Failed: 0, TPS: 63.40886033141698
✔ Dataset metadata processed
ℹ Sleeping for 8.31 seconds - 3/13/2025, 7:32:39 AM
- Processing dataset metadata
- Processing tx sequence
ℹ Processed: 3000, Confirmed: 3000, Failed: 0, TPS: 63.416902718471235
✔ Dataset metadata processed
ℹ Sleeping for 8.32 seconds - 3/13/2025, 7:34:01 AM
- Processing dataset metadata
- Processing tx sequence
ℹ Processed: 3000, Confirmed: 3000, Failed: 0, TPS: 61.77796997590659
✔ Dataset metadata processed
ℹ Sleeping for 7.05 seconds - 3/13/2025, 7:35:24 AM
- Processing dataset metadata
- Processing tx sequence
ℹ Processed: 3000, Confirmed: 3000, Failed: 0, TPS: 63.359310650700124
✔ Dataset metadata processed
ℹ Sleeping for 8.22 seconds - 3/13/2025, 7:36:46 AM
- Processing dataset metadata
- Processing tx sequence
ℹ Processed: 3000, Confirmed: 3000, Failed: 0, TPS: 63.40886033141698
✔ Dataset metadata processed
ℹ Sleeping for 8.29 seconds - 3/13/2025, 7:38:08 AM
- Processing dataset metadata
- Processing tx sequence
ℹ Processed: 3000, Confirmed: 3000, Failed: 0, TPS: 63.39144215530903
✔ Dataset metadata processed
ℹ Sleeping for 8.23 seconds - 3/13/2025, 7:39:29 AM
- Processing dataset metadata
- Processing tx sequence
ℹ Processed: 3000, Confirmed: 3000, Failed: 0, TPS: 63.38742393509128
✔ Dataset metadata processed
ℹ Sleeping for 8.25 seconds - 3/13/2025, 7:40:51 AM
- Processing dataset metadata
- Processing tx sequence
ℹ Processed: 3000, Confirmed: 3000, Failed: 0, TPS: 63.38474540460596
✔ Dataset metadata processed
ℹ Sleeping for 8.26 seconds - 3/13/2025, 7:42:13 AM
- Processing dataset metadata
- Processing tx sequence
ℹ Processed: 3000, Confirmed: 3000, Failed: 0, TPS: 63.36332530731213
✔ Dataset metadata processed
ℹ Sleeping for 8.26 seconds - 3/13/2025, 7:43:35 AM
- Processing dataset metadata
- Processing tx sequence
ℹ Processed: 3000, Confirmed: 3000, Failed: 0, TPS: 63.40483990277925
✔ Dataset metadata processed
ℹ Sleeping for 8.23 seconds - 3/13/2025, 7:44:56 AM
- Processing dataset metadata
- Processing tx sequence
ℹ Processed: 3000, Confirmed: 3000, Failed: 0, TPS: 63.41958396752917
✔ Dataset metadata processed
ℹ Sleeping for 8.33 seconds - 3/13/2025, 7:46:18 AM
- Processing dataset metadata
- Processing tx sequence
ℹ Processed: 3000, Confirmed: 3000, Failed: 0, TPS: 61.43135046585441
✔ Dataset metadata processed
ℹ Sleeping for 6.74 seconds - 3/13/2025, 7:47:41 AM
- Processing dataset metadata
- Processing tx sequence
ℹ Processed: 3000, Confirmed: 3000, Failed: 0, TPS: 63.416902718471235
✔ Dataset metadata processed
ℹ Sleeping for 8.29 seconds - 3/13/2025, 7:49:03 AM
- Processing dataset metadata
- Processing tx sequence
ℹ Processed: 3000, Confirmed: 3000, Failed: 0, TPS: 63.40215990024727
✔ Dataset metadata processed
ℹ Sleeping for 8.25 seconds - 3/13/2025, 7:50:25 AM
- Processing dataset metadata
- Processing tx sequence
ℹ Processed: 3000, Confirmed: 3000, Failed: 0, TPS: 63.39680057479766
✔ Dataset metadata processed
ℹ Sleeping for 8.23 seconds - 3/13/2025, 7:51:47 AM
- Processing dataset metadata
- Processing tx sequence
ℹ Processed: 3000, Confirmed: 3000, Failed: 0, TPS: 63.38608464155169
✔ Dataset metadata processed
ℹ Sleeping for 8.29 seconds - 3/13/2025, 7:53:09 AM
- Processing dataset metadata
- Processing tx sequence
ℹ Processed: 3000, Confirmed: 3000, Failed: 0, TPS: 63.39948012426298
✔ Dataset metadata processed
ℹ Sleeping for 8.29 seconds - 3/13/2025, 7:54:30 AM
- Processing dataset metadata
- Processing tx sequence
ℹ Processed: 3000, Confirmed: 3000, Failed: 0, TPS: 63.39546088500063
✔ Dataset metadata processed
ℹ Sleeping for 8.20 seconds - 3/13/2025, 7:55:52 AM
- Processing dataset metadata
- Processing tx sequence
ℹ Processed: 3000, Confirmed: 3000, Failed: 0, TPS: 62.94454585510165
✔ Dataset metadata processed
ℹ Sleeping for 7.94 seconds - 3/13/2025, 7:57:14 AM
- Processing dataset metadata
- Processing tx sequence
ℹ Processed: 3000, Confirmed: 3000, Failed: 0, TPS: 63.40081998393846
✔ Dataset metadata processed
ℹ Sleeping for 8.28 seconds - 3/13/2025, 7:58:36 AM
- Processing dataset metadata
- Processing tx sequence
ℹ Processed: 3000, Confirmed: 3000, Failed: 0, TPS: 63.371356147021544
✔ Dataset metadata processed
ℹ Sleeping for 8.24 seconds - 3/13/2025, 7:59:58 AM
- Processing dataset metadata
- Processing tx sequence
ℹ Processed: 3000, Confirmed: 3000, Failed: 0, TPS: 63.38608464155169
✔ Dataset metadata processed
ℹ Sleeping for 8.25 seconds - 3/13/2025, 8:01:20 AM
- Processing dataset metadata
- Processing tx sequence
ℹ Processed: 3000, Confirmed: 3000, Failed: 0, TPS: 63.40081998393846
✔ Dataset metadata processed
ℹ Sleeping for 8.29 seconds - 3/13/2025, 8:02:41 AM
- Processing dataset metadata
- Processing tx sequence
ℹ Processed: 3000, Confirmed: 3000, Failed: 0, TPS: 63.40081998393846
✔ Dataset metadata processed
ℹ Sleeping for 8.12 seconds - 3/13/2025, 8:04:03 AM
- Processing dataset metadata
- Processing tx sequence
ℹ Processed: 3000, Confirmed: 3000, Failed: 0, TPS: 63.379389022689814
✔ Dataset metadata processed
ℹ Sleeping for 8.24 seconds - 3/13/2025, 8:05:25 AM
- Processing dataset metadata
- Processing tx sequence
ℹ Processed: 3000, Confirmed: 3000, Failed: 0, TPS: 63.40483990277925
✔ Dataset metadata processed
ℹ Sleeping for 8.30 seconds - 3/13/2025, 8:06:47 AM
- Processing dataset metadata
- Processing tx sequence
ℹ Processed: 3000, Confirmed: 3000, Failed: 0, TPS: 63.40081998393846
✔ Dataset metadata processed
ℹ Sleeping for 8.22 seconds - 3/13/2025, 8:08:09 AM
- Processing dataset metadata
- Processing tx sequence
ℹ Processed: 3000, Confirmed: 3000, Failed: 0, TPS: 63.39144215530903
✔ Dataset metadata processed
ℹ Sleeping for 8.20 seconds - 3/13/2025, 8:09:30 AM
- Processing dataset metadata
- Processing tx sequence
ℹ Processed: 3000, Confirmed: 3000, Failed: 0, TPS: 63.34593213539137
✔ Dataset metadata processed
ℹ Sleeping for 8.11 seconds - 3/13/2025, 8:10:52 AM
- Processing dataset metadata
- Processing tx sequence
ℹ Processed: 3000, Confirmed: 3000, Failed: 0, TPS: 63.38742393509128
✔ Dataset metadata processed
ℹ Sleeping for 8.26 seconds - 3/13/2025, 8:12:14 AM
- Processing dataset metadata
- Processing tx sequence
ℹ Processed: 3000, Confirmed: 3000, Failed: 0, TPS: 63.38742393509128
✔ Dataset metadata processed
ℹ Sleeping for 8.22 seconds - 3/13/2025, 8:13:36 AM
- Processing dataset metadata
- Processing tx sequence
ℹ Processed: 3000, Confirmed: 3000, Failed: 0, TPS: 63.299151791366
✔ Dataset metadata processed
ℹ Sleeping for 8.19 seconds - 3/13/2025, 8:14:58 AM
- Processing dataset metadata
- Processing tx sequence
ℹ Processed: 3000, Confirmed: 3000, Failed: 0, TPS: 63.40886033141698
✔ Dataset metadata processed
ℹ Sleeping for 8.26 seconds - 3/13/2025, 8:16:20 AM
- Processing dataset metadata
- Processing tx sequence
ℹ Processed: 3000, Confirmed: 3000, Failed: 0, TPS: 63.348607386447625
✔ Dataset metadata processed
ℹ Sleeping for 8.24 seconds - 3/13/2025, 8:17:41 AM
- Processing dataset metadata
- Processing tx sequence
ℹ Processed: 3000, Confirmed: 3000, Failed: 0, TPS: 63.38608464155169
✔ Dataset metadata processed
ℹ Sleeping for 8.19 seconds - 3/13/2025, 8:19:03 AM
- Processing dataset metadata
- Processing tx sequence
ℹ Processed: 3000, Confirmed: 3000, Failed: 0, TPS: 63.39680057479766
✔ Dataset metadata processed
ℹ Sleeping for 8.28 seconds - 3/13/2025, 8:20:25 AM
- Processing dataset metadata
- Processing tx sequence
ℹ Processed: 3000, Confirmed: 3000, Failed: 0, TPS: 63.406179989009594
✔ Dataset metadata processed
ℹ Sleeping for 8.16 seconds - 3/13/2025, 8:21:47 AM
- Processing dataset metadata
- Processing tx sequence
ℹ Processed: 3000, Confirmed: 3000, Failed: 0, TPS: 63.40752013188764
✔ Dataset metadata processed
ℹ Sleeping for 8.28 seconds - 3/13/2025, 8:23:09 AM
- Processing dataset metadata
- Processing tx sequence
ℹ Processed: 3000, Confirmed: 3000, Failed: 0, TPS: 63.411540900443875
✔ Dataset metadata processed
ℹ Sleeping for 8.24 seconds - 3/13/2025, 8:24:30 AM
- Processing dataset metadata
- Processing tx sequence
ℹ Processed: 3000, Confirmed: 3000, Failed: 0, TPS: 63.37269481822599
✔ Dataset metadata processed
ℹ Sleeping for 8.17 seconds - 3/13/2025, 8:25:52 AM
- Processing dataset metadata
- Processing tx sequence
ℹ Processed: 3000, Confirmed: 3000, Failed: 0, TPS: 63.39680057479766
✔ Dataset metadata processed
ℹ Sleeping for 8.33 seconds - 3/13/2025, 8:27:14 AM
- Processing dataset metadata
- Processing tx sequence
ℹ Processed: 3000, Confirmed: 3000, Failed: 0, TPS: 63.40081998393846
✔ Dataset metadata processed
ℹ Sleeping for 8.29 seconds - 3/13/2025, 8:28:36 AM
- Processing dataset metadata
- Processing tx sequence
ℹ Processed: 3000, Confirmed: 3000, Failed: 0, TPS: 63.39680057479766
✔ Dataset metadata processed
ℹ Sleeping for 8.18 seconds - 3/13/2025, 8:29:58 AM
- Processing dataset metadata
- Processing tx sequence
ℹ Processed: 3000, Confirmed: 3000, Failed: 0, TPS: 63.39814032121724
✔ Dataset metadata processed
ℹ Sleeping for 8.31 seconds - 3/13/2025, 8:31:19 AM
- Processing dataset metadata
- Processing tx sequence
ℹ Processed: 3000, Confirmed: 3000, Failed: 0, TPS: 63.39278167525991
✔ Dataset metadata processed
ℹ Sleeping for 8.25 seconds - 3/13/2025, 8:32:41 AM
- Processing dataset metadata
- Processing tx sequence
ℹ Processed: 3000, Confirmed: 3000, Failed: 0, TPS: 63.39680057479766
✔ Dataset metadata processed
ℹ Sleeping for 8.23 seconds - 3/13/2025, 8:34:03 AM
- Processing dataset metadata
- Processing tx sequence
ℹ Processed: 3000, Confirmed: 3000, Failed: 0, TPS: 63.38072803329601
✔ Dataset metadata processed
ℹ Sleeping for 8.26 seconds - 3/13/2025, 8:35:25 AM
- Processing dataset metadata
- Processing tx sequence
ℹ Processed: 3000, Confirmed: 3000, Failed: 0, TPS: 63.40483990277925
✔ Dataset metadata processed
ℹ Sleeping for 8.24 seconds - 3/13/2025, 8:36:46 AM
- Processing dataset metadata
- Processing tx sequence
ℹ Processed: 3000, Confirmed: 3000, Failed: 0, TPS: 63.39546088500063
✔ Dataset metadata processed
ℹ Sleeping for 8.22 seconds - 3/13/2025, 8:38:08 AM
- Processing dataset metadata
- Processing tx sequence
ℹ Processed: 3000, Confirmed: 3000, Failed: 0, TPS: 63.38742393509128
✔ Dataset metadata processed
ℹ Sleeping for 8.24 seconds - 3/13/2025, 8:39:30 AM
- Processing dataset metadata
- Processing tx sequence
ℹ Processed: 3000, Confirmed: 3000, Failed: 0, TPS: 63.39680057479766
✔ Dataset metadata processed
ℹ Sleeping for 8.20 seconds - 3/13/2025, 8:40:52 AM
- Processing dataset metadata
- Processing tx sequence
ℹ Processed: 3000, Confirmed: 3000, Failed: 0, TPS: 63.40483990277925
✔ Dataset metadata processed
ℹ Sleeping for 8.30 seconds - 3/13/2025, 8:42:14 AM
- Processing dataset metadata
- Processing tx sequence
ℹ Processed: 3000, Confirmed: 3000, Failed: 0, TPS: 63.38608464155169
✔ Dataset metadata processed
ℹ Sleeping for 8.25 seconds - 3/13/2025, 8:43:35 AM
- Processing dataset metadata
- Processing tx sequence
ℹ Processed: 3000, Confirmed: 3000, Failed: 0, TPS: 63.416902718471235
✔ Dataset metadata processed
ℹ Sleeping for 8.21 seconds - 3/13/2025, 8:44:57 AM
- Processing dataset metadata
- Processing tx sequence
ℹ Processed: 3000, Confirmed: 3000, Failed: 0, TPS: 63.38742393509128
✔ Dataset metadata processed
ℹ Sleeping for 8.27 seconds - 3/13/2025, 8:46:19 AM
- Processing dataset metadata
- Processing tx sequence
ℹ Processed: 3000, Confirmed: 3000, Failed: 0, TPS: 63.38876328522831
✔ Dataset metadata processed
ℹ Sleeping for 8.35 seconds - 3/13/2025, 8:47:41 AM
- Processing dataset metadata
- Processing tx sequence
ℹ Processed: 3000, Confirmed: 3000, Failed: 0, TPS: 63.411540900443875
✔ Dataset metadata processed
ℹ Sleeping for 8.21 seconds - 3/13/2025, 8:49:02 AM
- Processing dataset metadata
- Processing tx sequence
ℹ Processed: 3000, Confirmed: 3000, Failed: 0, TPS: 63.39680057479766
✔ Dataset metadata processed
ℹ Sleeping for 8.25 seconds - 3/13/2025, 8:50:24 AM
- Processing dataset metadata
- Processing tx sequence
ℹ Processed: 3000, Confirmed: 3000, Failed: 0, TPS: 63.40081998393846
✔ Dataset metadata processed
ℹ Sleeping for 8.35 seconds - 3/13/2025, 8:51:46 AM
- Processing dataset metadata
- Processing tx sequence
ℹ Processed: 3000, Confirmed: 3000, Failed: 0, TPS: 63.39412125182258
✔ Dataset metadata processed
ℹ Sleeping for 8.26 seconds - 3/13/2025, 8:53:08 AM
- Processing dataset metadata
- Processing tx sequence
ℹ Processed: 3000, Confirmed: 3000, Failed: 0, TPS: 63.39278167525991
✔ Dataset metadata processed
ℹ Sleeping for 8.21 seconds - 3/13/2025, 8:54:30 AM
- Processing dataset metadata
- Processing tx sequence
ℹ Processed: 3000, Confirmed: 3000, Failed: 0, TPS: 63.38608464155169
✔ Dataset metadata processed
ℹ Sleeping for 8.16 seconds - 3/13/2025, 8:55:51 AM
- Processing dataset metadata
- Processing tx sequence
ℹ Processed: 3000, Confirmed: 3000, Failed: 0, TPS: 63.403499873193
✔ Dataset metadata processed
ℹ Sleeping for 8.21 seconds - 3/13/2025, 8:57:13 AM
- Processing dataset metadata
- Processing tx sequence
ℹ Processed: 3000, Confirmed: 3000, Failed: 0, TPS: 63.39278167525991
✔ Dataset metadata processed
ℹ Sleeping for 8.23 seconds - 3/13/2025, 8:58:35 AM
- Processing dataset metadata
- Processing tx sequence
ℹ Processed: 3000, Confirmed: 3000, Failed: 0, TPS: 61.40494514491567
✔ Dataset metadata processed
ℹ Sleeping for 6.65 seconds - 3/13/2025, 8:59:58 AM
- Processing dataset metadata
- Processing tx sequence
ℹ Processed: 3000, Confirmed: 3000, Failed: 0, TPS: 63.406179989009594
✔ Dataset metadata processed
ℹ Sleeping for 8.29 seconds - 3/13/2025, 9:01:20 AM
- Processing dataset metadata
- Processing tx sequence
ℹ Processed: 3000, Confirmed: 3000, Failed: 0, TPS: 63.31651927988012
✔ Dataset metadata processed
ℹ Sleeping for 8.21 seconds - 3/13/2025, 9:02:42 AM
- Processing dataset metadata
- Processing tx sequence
ℹ Processed: 3000, Confirmed: 3000, Failed: 0, TPS: 63.40752013188764
✔ Dataset metadata processed
ℹ Sleeping for 8.11 seconds - 3/13/2025, 9:04:04 AM
- Processing dataset metadata
- Processing tx sequence
ℹ Processed: 3000, Confirmed: 3000, Failed: 0, TPS: 63.40081998393846
✔ Dataset metadata processed
ℹ Sleeping for 8.24 seconds - 3/13/2025, 9:05:26 AM
- Processing dataset metadata
- Processing tx sequence
ℹ Processed: 3000, Confirmed: 3000, Failed: 0, TPS: 63.39948012426298
✔ Dataset metadata processed
ℹ Sleeping for 8.28 seconds - 3/13/2025, 9:06:47 AM
- Processing dataset metadata
- Processing tx sequence
ℹ Processed: 3000, Confirmed: 3000, Failed: 0, TPS: 63.41020058760119
✔ Dataset metadata processed
ℹ Sleeping for 8.26 seconds - 3/13/2025, 9:08:09 AM
- Processing dataset metadata
- Processing tx sequence
ℹ Processed: 3000, Confirmed: 3000, Failed: 0, TPS: 60.98428638220885
✔ Dataset metadata processed
ℹ Sleeping for 6.32 seconds - 3/13/2025, 9:09:33 AM
- Processing dataset metadata
- Processing tx sequence
ℹ Processed: 3000, Confirmed: 3000, Failed: 0, TPS: 63.30449461911795
✔ Dataset metadata processed
ℹ Sleeping for 8.16 seconds - 3/13/2025, 9:10:55 AM
- Processing dataset metadata
- Processing tx sequence
ℹ Processed: 3000, Confirmed: 3000, Failed: 0, TPS: 63.35262068674241
✔ Dataset metadata processed
ℹ Sleeping for 8.21 seconds - 3/13/2025, 9:12:17 AM
- Processing dataset metadata
- Processing tx sequence
ℹ Processed: 3000, Confirmed: 3000, Failed: 0, TPS: 63.39680057479766
✔ Dataset metadata processed
ℹ Sleeping for 8.25 seconds - 3/13/2025, 9:13:38 AM
- Processing dataset metadata
- Processing tx sequence
ℹ Processed: 3000, Confirmed: 3000, Failed: 0, TPS: 63.40215990024727
✔ Dataset metadata processed
ℹ Sleeping for 8.24 seconds - 3/13/2025, 9:15:00 AM
- Processing dataset metadata
- Processing tx sequence
ℹ Processed: 3000, Confirmed: 3000, Failed: 0, TPS: 63.39814032121724
✔ Dataset metadata processed
ℹ Sleeping for 8.29 seconds - 3/13/2025, 9:16:22 AM
- Processing dataset metadata
- Processing tx sequence
ℹ Processed: 3000, Confirmed: 3000, Failed: 0, TPS: 63.39546088500063
✔ Dataset metadata processed
ℹ Sleeping for 8.20 seconds - 3/13/2025, 9:17:44 AM
- Processing dataset metadata
- Processing tx sequence
ℹ Processed: 3000, Confirmed: 3000, Failed: 0, TPS: 63.39412125182258
✔ Dataset metadata processed
ℹ Sleeping for 8.23 seconds - 3/13/2025, 9:19:06 AM
- Processing dataset metadata
- Processing tx sequence
ℹ Processed: 3000, Confirmed: 3000, Failed: 0, TPS: 63.37269481822599
✔ Dataset metadata processed
ℹ Sleeping for 8.20 seconds - 3/13/2025, 9:20:27 AM
- Processing dataset metadata
- Processing tx sequence
ℹ Processed: 3000, Confirmed: 3000, Failed: 0, TPS: 63.39144215530903
✔ Dataset metadata processed
ℹ Sleeping for 8.31 seconds - 3/13/2025, 9:21:49 AM
- Processing dataset metadata
- Processing tx sequence
ℹ Processed: 3000, Confirmed: 3000, Failed: 0, TPS: 63.35529650278764
✔ Dataset metadata processed
ℹ Sleeping for 8.22 seconds - 3/13/2025, 9:23:11 AM
- Processing dataset metadata
- Processing tx sequence
ℹ Processed: 3000, Confirmed: 3000, Failed: 0, TPS: 63.38474540460596
✔ Dataset metadata processed
ℹ Sleeping for 8.19 seconds - 3/13/2025, 9:24:33 AM
- Processing dataset metadata
- Processing tx sequence
ℹ Processed: 3000, Confirmed: 3000, Failed: 0, TPS: 63.40483990277925
✔ Dataset metadata processed
ℹ Sleeping for 8.22 seconds - 3/13/2025, 9:25:55 AM
- Processing dataset metadata
- Processing tx sequence
ℹ Processed: 3000, Confirmed: 3000, Failed: 0, TPS: 63.37001753237151
✔ Dataset metadata processed
ℹ Sleeping for 8.23 seconds - 3/13/2025, 9:27:16 AM
- Processing dataset metadata
- Processing tx sequence
ℹ Processed: 3000, Confirmed: 3000, Failed: 0, TPS: 63.39546088500063
✔ Dataset metadata processed
ℹ Sleeping for 8.26 seconds - 3/13/2025, 9:28:38 AM
- Processing dataset metadata
- Processing tx sequence
ℹ Processed: 3000, Confirmed: 3000, Failed: 0, TPS: 63.40752013188764
✔ Dataset metadata processed
ℹ Sleeping for 8.20 seconds - 3/13/2025, 9:30:00 AM
- Processing dataset metadata
- Processing tx sequence
ℹ Processed: 3000, Confirmed: 3000, Failed: 0, TPS: 63.41020058760119
✔ Dataset metadata processed
ℹ Sleeping for 8.27 seconds - 3/13/2025, 9:31:22 AM
- Processing dataset metadata
- Processing tx sequence
ℹ Processed: 3000, Confirmed: 3000, Failed: 0, TPS: 63.38608464155169
✔ Dataset metadata processed
ℹ Sleeping for 8.26 seconds - 3/13/2025, 9:32:44 AM
- Processing dataset metadata
- Processing tx sequence
ℹ Processed: 3000, Confirmed: 3000, Failed: 0, TPS: 63.39948012426298
✔ Dataset metadata processed
ℹ Sleeping for 8.23 seconds - 3/13/2025, 9:34:05 AM
- Processing dataset metadata
- Processing tx sequence
ℹ Processed: 3000, Confirmed: 3000, Failed: 0, TPS: 63.39278167525991
✔ Dataset metadata processed
ℹ Sleeping for 8.22 seconds - 3/13/2025, 9:35:27 AM
- Processing dataset metadata
- Processing tx sequence
ℹ Processed: 3000, Confirmed: 3000, Failed: 0, TPS: 63.38608464155169
✔ Dataset metadata processed
ℹ Sleeping for 8.28 seconds - 3/13/2025, 9:36:49 AM
- Processing dataset metadata
- Processing tx sequence
ℹ Processed: 3000, Confirmed: 3000, Failed: 0, TPS: 63.39144215530903
✔ Dataset metadata processed
ℹ Sleeping for 8.27 seconds - 3/13/2025, 9:38:11 AM
- Processing dataset metadata
- Processing tx sequence
ℹ Processed: 3000, Confirmed: 3000, Failed: 0, TPS: 63.38474540460596
✔ Dataset metadata processed
ℹ Sleeping for 8.24 seconds - 3/13/2025, 9:39:33 AM
- Processing dataset metadata
- Processing tx sequence
ℹ Processed: 3000, Confirmed: 3000, Failed: 0, TPS: 63.39680057479766
✔ Dataset metadata processed
ℹ Sleeping for 8.21 seconds - 3/13/2025, 9:40:54 AM
- Processing dataset metadata
- Processing tx sequence
ℹ Processed: 3000, Confirmed: 3000, Failed: 0, TPS: 63.40752013188764
✔ Dataset metadata processed
ℹ Sleeping for 8.30 seconds - 3/13/2025, 9:42:16 AM
- Processing dataset metadata
- Processing tx sequence
ℹ Processed: 3000, Confirmed: 3000, Failed: 0, TPS: 63.35262068674241
✔ Dataset metadata processed
ℹ Sleeping for 8.26 seconds - 3/13/2025, 9:43:38 AM
- Processing dataset metadata
- Processing tx sequence
ℹ Processed: 3000, Confirmed: 3000, Failed: 0, TPS: 63.32988537290747
✔ Dataset metadata processed
ℹ Sleeping for 8.15 seconds - 3/13/2025, 9:45:00 AM
- Processing dataset metadata
- Processing tx sequence
ℹ Processed: 3000, Confirmed: 3000, Failed: 0, TPS: 63.3566344955756
✔ Dataset metadata processed
ℹ Sleeping for 8.21 seconds - 3/13/2025, 9:46:22 AM
- Processing dataset metadata
- Processing tx sequence
ℹ Processed: 3000, Confirmed: 3000, Failed: 0, TPS: 63.39546088500063
✔ Dataset metadata processed
ℹ Sleeping for 8.25 seconds - 3/13/2025, 9:47:43 AM
- Processing dataset metadata
- Processing tx sequence
ℹ Processed: 3000, Confirmed: 3000, Failed: 0, TPS: 63.38876328522831
✔ Dataset metadata processed
ℹ Sleeping for 8.22 seconds - 3/13/2025, 9:49:05 AM
- Processing dataset metadata
- Processing tx sequence
ℹ Processed: 3000, Confirmed: 3000, Failed: 0, TPS: 63.38608464155169
✔ Dataset metadata processed
ℹ Sleeping for 8.23 seconds - 3/13/2025, 9:50:27 AM
- Processing dataset metadata
- Processing tx sequence
ℹ Processed: 3000, Confirmed: 3000, Failed: 0, TPS: 63.40483990277925
✔ Dataset metadata processed
ℹ Sleeping for 8.27 seconds - 3/13/2025, 9:51:49 AM
- Processing dataset metadata
- Processing tx sequence
ℹ Processed: 3000, Confirmed: 3000, Failed: 0, TPS: 63.3566344955756
✔ Dataset metadata processed
ℹ Sleeping for 8.23 seconds - 3/13/2025, 9:53:11 AM
- Processing dataset metadata
- Processing tx sequence
ℹ Processed: 3000, Confirmed: 3000, Failed: 0, TPS: 63.40752013188764
✔ Dataset metadata processed
ℹ Sleeping for 8.29 seconds - 3/13/2025, 9:54:32 AM
- Processing dataset metadata
- Processing tx sequence
ℹ Processed: 3000, Confirmed: 3000, Failed: 0, TPS: 63.41824331466018
✔ Dataset metadata processed
ℹ Sleeping for 8.19 seconds - 3/13/2025, 9:55:54 AM
- Processing dataset metadata
- Processing tx sequence
ℹ Processed: 3000, Confirmed: 3000, Failed: 0, TPS: 63.40752013188764
✔ Dataset metadata processed
ℹ Sleeping for 8.33 seconds - 3/13/2025, 9:57:16 AM
- Processing dataset metadata
- Processing tx sequence
ℹ Processed: 3000, Confirmed: 3000, Failed: 0, TPS: 63.38876328522831
✔ Dataset metadata processed
ℹ Sleeping for 8.25 seconds - 3/13/2025, 9:58:38 AM
- Processing dataset metadata
- Processing tx sequence
ℹ Processed: 3000, Confirmed: 3000, Failed: 0, TPS: 61.55361319709467
✔ Dataset metadata processed
ℹ Sleeping for 6.80 seconds - 3/13/2025, 10:00:01 AM
- Processing dataset metadata
- Processing tx sequence
ℹ Processed: 3000, Confirmed: 3000, Failed: 0, TPS: 63.37001753237151
✔ Dataset metadata processed
ℹ Sleeping for 8.21 seconds - 3/13/2025, 10:01:23 AM
- Processing dataset metadata
- Processing tx sequence
ℹ Processed: 3000, Confirmed: 3000, Failed: 0, TPS: 63.39278167525991
✔ Dataset metadata processed
ℹ Sleeping for 8.27 seconds - 3/13/2025, 10:02:44 AM
- Processing dataset metadata
- Processing tx sequence
ℹ Processed: 3000, Confirmed: 3000, Failed: 0, TPS: 63.41020058760119
✔ Dataset metadata processed
ℹ Sleeping for 8.19 seconds - 3/13/2025, 10:04:06 AM
- Processing dataset metadata
- Processing tx sequence
ℹ Processed: 3000, Confirmed: 3000, Failed: 0, TPS: 63.40886033141698
✔ Dataset metadata processed
ℹ Sleeping for 8.27 seconds - 3/13/2025, 10:05:28 AM
- Processing dataset metadata
- Processing tx sequence
ℹ Processed: 3000, Confirmed: 3000, Failed: 0, TPS: 63.379389022689814
✔ Dataset metadata processed
ℹ Sleeping for 8.23 seconds - 3/13/2025, 10:06:50 AM
- Processing dataset metadata
- Processing tx sequence
ℹ Processed: 3000, Confirmed: 3000, Failed: 0, TPS: 63.39680057479766
✔ Dataset metadata processed
ℹ Sleeping for 8.27 seconds - 3/13/2025, 10:08:12 AM
- Processing dataset metadata
- Processing tx sequence
ℹ Processed: 3000, Confirmed: 3000, Failed: 0, TPS: 63.38742393509128
✔ Dataset metadata processed
ℹ Sleeping for 8.19 seconds - 3/13/2025, 10:09:34 AM
- Processing dataset metadata
- Processing tx sequence
ℹ Processed: 3000, Confirmed: 3000, Failed: 0, TPS: 63.38876328522831
✔ Dataset metadata processed
ℹ Sleeping for 8.18 seconds - 3/13/2025, 10:10:55 AM
- Processing dataset metadata
- Processing tx sequence
ℹ Processed: 3000, Confirmed: 3000, Failed: 0, TPS: 63.403499873193
✔ Dataset metadata processed
ℹ Sleeping for 8.31 seconds - 3/13/2025, 10:12:17 AM
- Processing dataset metadata
- Processing tx sequence
ℹ Processed: 3000, Confirmed: 3000, Failed: 0, TPS: 63.38608464155169
✔ Dataset metadata processed
ℹ Sleeping for 8.26 seconds - 3/13/2025, 10:13:39 AM
- Processing dataset metadata
- Processing tx sequence
ℹ Processed: 3000, Confirmed: 3000, Failed: 0, TPS: 63.383406224250486
✔ Dataset metadata processed
ℹ Sleeping for 8.25 seconds - 3/13/2025, 10:15:01 AM
- Processing dataset metadata
- Processing tx sequence
ℹ Processed: 3000, Confirmed: 3000, Failed: 0, TPS: 63.38608464155169
✔ Dataset metadata processed
ℹ Sleeping for 8.35 seconds - 3/13/2025, 10:16:22 AM
- Processing dataset metadata
- Processing tx sequence
ℹ Processed: 3000, Confirmed: 3000, Failed: 0, TPS: 63.39546088500063
✔ Dataset metadata processed
ℹ Sleeping for 8.28 seconds - 3/13/2025, 10:17:44 AM
- Processing dataset metadata
- Processing tx sequence
ℹ Processed: 3000, Confirmed: 3000, Failed: 0, TPS: 63.37537233031244
✔ Dataset metadata processed
ℹ Sleeping for 8.26 seconds - 3/13/2025, 10:19:06 AM
- Processing dataset metadata
- Processing tx sequence
ℹ Processed: 3000, Confirmed: 3000, Failed: 0, TPS: 63.39948012426298
✔ Dataset metadata processed
ℹ Sleeping for 8.27 seconds - 3/13/2025, 10:20:28 AM
- Processing dataset metadata
- Processing tx sequence
ℹ Processed: 3000, Confirmed: 3000, Failed: 0, TPS: 61.03143118706134
✔ Dataset metadata processed
ℹ Sleeping for 6.43 seconds - 3/13/2025, 10:21:51 AM
- Processing dataset metadata
- Processing tx sequence
ℹ Processed: 3000, Confirmed: 3000, Failed: 0, TPS: 63.361987031913316
✔ Dataset metadata processed
ℹ Sleeping for 8.31 seconds - 3/13/2025, 10:23:13 AM
- Processing dataset metadata
- Processing tx sequence
ℹ Processed: 3000, Confirmed: 3000, Failed: 0, TPS: 63.11670278344659
✔ Dataset metadata processed
ℹ Sleeping for 8.04 seconds - 3/13/2025, 10:24:35 AM
- Processing dataset metadata
- Processing tx sequence
ℹ Processed: 3000, Confirmed: 3000, Failed: 0, TPS: 63.33790773778106
✔ Dataset metadata processed
ℹ Sleeping for 8.18 seconds - 3/13/2025, 10:25:57 AM
- Processing dataset metadata
- Processing tx sequence
ℹ Processed: 3000, Confirmed: 3000, Failed: 0, TPS: 63.37269481822599
✔ Dataset metadata processed
ℹ Sleeping for 8.22 seconds - 3/13/2025, 10:27:19 AM
- Processing dataset metadata
- Processing tx sequence
ℹ Processed: 3000, Confirmed: 3000, Failed: 0, TPS: 63.245773074166216
✔ Dataset metadata processed
ℹ Sleeping for 8.13 seconds - 3/13/2025, 10:28:41 AM
- Processing dataset metadata
- Processing tx sequence
ℹ Processed: 3000, Confirmed: 3000, Failed: 0, TPS: 63.36332530731213
✔ Dataset metadata processed
ℹ Sleeping for 8.26 seconds - 3/13/2025, 10:30:02 AM
- Processing dataset metadata
- Processing tx sequence
ℹ Processed: 3000, Confirmed: 3000, Failed: 0, TPS: 63.403499873193
✔ Dataset metadata processed
ℹ Sleeping for 8.19 seconds - 3/13/2025, 10:31:24 AM
- Processing dataset metadata
- Processing tx sequence
ℹ Processed: 3000, Confirmed: 3000, Failed: 0, TPS: 63.37269481822599
✔ Dataset metadata processed
ℹ Sleeping for 8.19 seconds - 3/13/2025, 10:32:46 AM
- Processing dataset metadata
- Processing tx sequence
ℹ Processed: 3000, Confirmed: 3000, Failed: 0, TPS: 63.371356147021544
✔ Dataset metadata processed
ℹ Sleeping for 8.14 seconds - 3/13/2025, 10:34:08 AM
- Processing dataset metadata
- Processing tx sequence
ℹ Processed: 3000, Confirmed: 3000, Failed: 0, TPS: 63.40215990024727
✔ Dataset metadata processed
ℹ Sleeping for 8.24 seconds - 3/13/2025, 10:35:30 AM
- Processing dataset metadata
- Processing tx sequence
ℹ Processed: 3000, Confirmed: 3000, Failed: 0, TPS: 63.39948012426298
✔ Dataset metadata processed
ℹ Sleeping for 8.26 seconds - 3/13/2025, 10:36:52 AM
- Processing dataset metadata
- Processing tx sequence
ℹ Processed: 3000, Confirmed: 3000, Failed: 0, TPS: 63.36332530731213
✔ Dataset metadata processed
ℹ Sleeping for 8.26 seconds - 3/13/2025, 10:38:13 AM
- Processing dataset metadata
- Processing tx sequence
ℹ Processed: 3000, Confirmed: 3000, Failed: 0, TPS: 63.39546088500063
✔ Dataset metadata processed
ℹ Sleeping for 8.26 seconds - 3/13/2025, 10:39:35 AM
- Processing dataset metadata
- Processing tx sequence
ℹ Processed: 3000, Confirmed: 3000, Failed: 0, TPS: 63.40752013188764
✔ Dataset metadata processed
ℹ Sleeping for 8.21 seconds - 3/13/2025, 10:40:57 AM
- Processing dataset metadata
- Processing tx sequence
ℹ Processed: 3000, Confirmed: 3000, Failed: 0, TPS: 63.39814032121724
✔ Dataset metadata processed
ℹ Sleeping for 8.29 seconds - 3/13/2025, 10:42:19 AM
- Processing dataset metadata
- Processing tx sequence
ℹ Processed: 3000, Confirmed: 3000, Failed: 0, TPS: 63.38876328522831
✔ Dataset metadata processed
ℹ Sleeping for 8.34 seconds - 3/13/2025, 10:43:40 AM
- Processing dataset metadata
- Processing tx sequence
ℹ Processed: 3000, Confirmed: 3000, Failed: 0, TPS: 63.39948012426298
✔ Dataset metadata processed
ℹ Sleeping for 8.21 seconds - 3/13/2025, 10:45:02 AM
- Processing dataset metadata
- Processing tx sequence
ℹ Processed: 3000, Confirmed: 3000, Failed: 0, TPS: 63.40483990277925
✔ Dataset metadata processed
ℹ Sleeping for 8.24 seconds - 3/13/2025, 10:46:24 AM
- Processing dataset metadata
- Processing tx sequence
ℹ Processed: 3000, Confirmed: 3000, Failed: 0, TPS: 63.39010269196636
✔ Dataset metadata processed
ℹ Sleeping for 8.24 seconds - 3/13/2025, 10:47:46 AM
- Processing dataset metadata
- Processing tx sequence
ℹ Processed: 3000, Confirmed: 3000, Failed: 0, TPS: 63.374033545988425
✔ Dataset metadata processed
ℹ Sleeping for 8.23 seconds - 3/13/2025, 10:49:08 AM
- Processing dataset metadata
- Processing tx sequence
ℹ Processed: 3000, Confirmed: 3000, Failed: 0, TPS: 63.38072803329601
✔ Dataset metadata processed
ℹ Sleeping for 8.19 seconds - 3/13/2025, 10:50:29 AM
- Processing dataset metadata
- Processing tx sequence
ℹ Processed: 3000, Confirmed: 3000, Failed: 0, TPS: 63.416902718471235
✔ Dataset metadata processed
ℹ Sleeping for 8.33 seconds - 3/13/2025, 10:51:51 AM
- Processing dataset metadata
- Processing tx sequence
ℹ Processed: 3000, Confirmed: 3000, Failed: 0, TPS: 63.403499873193
✔ Dataset metadata processed
ℹ Sleeping for 8.17 seconds - 3/13/2025, 10:53:13 AM
- Processing dataset metadata
- Processing tx sequence
ℹ Processed: 3000, Confirmed: 3000, Failed: 0, TPS: 63.383406224250486
✔ Dataset metadata processed
ℹ Sleeping for 8.25 seconds - 3/13/2025, 10:54:35 AM
- Processing dataset metadata
- Processing tx sequence
ℹ Processed: 3000, Confirmed: 3000, Failed: 0, TPS: 63.33790773778106
✔ Dataset metadata processed
ℹ Sleeping for 8.19 seconds - 3/13/2025, 10:55:57 AM
- Processing dataset metadata
- Processing tx sequence
ℹ Processed: 3000, Confirmed: 3000, Failed: 0, TPS: 63.411540900443875
✔ Dataset metadata processed
ℹ Sleeping for 8.35 seconds - 3/13/2025, 10:57:18 AM
- Processing dataset metadata
- Processing tx sequence
ℹ Processed: 3000, Confirmed: 3000, Failed: 0, TPS: 63.353958566511096
✔ Dataset metadata processed
ℹ Sleeping for 8.19 seconds - 3/13/2025, 10:58:40 AM
- Processing dataset metadata
- Processing tx sequence
ℹ Processed: 3000, Confirmed: 3000, Failed: 0, TPS: 63.3566344955756
✔ Dataset metadata processed
ℹ Sleeping for 8.24 seconds - 3/13/2025, 11:00:02 AM
- Processing dataset metadata
- Processing tx sequence
ℹ Processed: 3000, Confirmed: 3000, Failed: 0, TPS: 63.38072803329601
✔ Dataset metadata processed
ℹ Sleeping for 8.27 seconds - 3/13/2025, 11:01:24 AM
- Processing dataset metadata
- Processing tx sequence
ℹ Processed: 3000, Confirmed: 3000, Failed: 0, TPS: 63.39278167525991
✔ Dataset metadata processed
ℹ Sleeping for 8.23 seconds - 3/13/2025, 11:02:45 AM
- Processing dataset metadata
- Processing tx sequence
ℹ Processed: 3000, Confirmed: 3000, Failed: 0, TPS: 63.38474540460596
✔ Dataset metadata processed
ℹ Sleeping for 8.29 seconds - 3/13/2025, 11:04:07 AM
- Processing dataset metadata
- Processing tx sequence
ℹ Processed: 3000, Confirmed: 3000, Failed: 0, TPS: 63.38072803329601
✔ Dataset metadata processed
ℹ Sleeping for 8.21 seconds - 3/13/2025, 11:05:29 AM
- Processing dataset metadata
- Processing tx sequence
ℹ Processed: 3000, Confirmed: 3000, Failed: 0, TPS: 63.36332530731213
✔ Dataset metadata processed
ℹ Sleeping for 8.25 seconds - 3/13/2025, 11:06:51 AM
- Processing dataset metadata
- Processing tx sequence
ℹ Processed: 3000, Confirmed: 3000, Failed: 0, TPS: 63.36332530731213
✔ Dataset metadata processed
ℹ Sleeping for 8.27 seconds - 3/13/2025, 11:08:13 AM
- Processing dataset metadata
- Processing tx sequence
ℹ Processed: 3000, Confirmed: 3000, Failed: 0, TPS: 63.39412125182258
✔ Dataset metadata processed
ℹ Sleeping for 8.22 seconds - 3/13/2025, 11:09:34 AM
- Processing dataset metadata
- Processing tx sequence
ℹ Processed: 3000, Confirmed: 3000, Failed: 0, TPS: 63.34325711028062
✔ Dataset metadata processed
ℹ Sleeping for 8.13 seconds - 3/13/2025, 11:10:56 AM
- Processing dataset metadata
- Processing tx sequence
ℹ Processed: 3000, Confirmed: 3000, Failed: 0, TPS: 61.67763157894737
✔ Dataset metadata processed
ℹ Sleeping for 6.93 seconds - 3/13/2025, 11:12:19 AM
- Processing dataset metadata
- Processing tx sequence
ℹ Processed: 3000, Confirmed: 3000, Failed: 0, TPS: 63.39948012426298
✔ Dataset metadata processed
ℹ Sleeping for 8.29 seconds - 3/13/2025, 11:13:41 AM
- Processing dataset metadata
- Processing tx sequence
ℹ Processed: 3000, Confirmed: 3000, Failed: 0, TPS: 63.36466363924385
✔ Dataset metadata processed
ℹ Sleeping for 8.21 seconds - 3/13/2025, 11:15:03 AM
- Processing dataset metadata
- Processing tx sequence
ℹ Processed: 3000, Confirmed: 3000, Failed: 0, TPS: 63.32988537290747
✔ Dataset metadata processed
ℹ Sleeping for 8.22 seconds - 3/13/2025, 11:16:25 AM
- Processing dataset metadata
- Processing tx sequence
ℹ Processed: 3000, Confirmed: 3000, Failed: 0, TPS: 63.39412125182258
✔ Dataset metadata processed
ℹ Sleeping for 8.31 seconds - 3/13/2025, 11:17:47 AM
- Processing dataset metadata
- Processing tx sequence
ℹ Processed: 3000, Confirmed: 3000, Failed: 0, TPS: 63.247106444880146
✔ Dataset metadata processed
ℹ Sleeping for 8.11 seconds - 3/13/2025, 11:19:08 AM
- Processing dataset metadata
- Processing tx sequence
ℹ Processed: 3000, Confirmed: 3000, Failed: 0, TPS: 63.36734047272036
✔ Dataset metadata processed
ℹ Sleeping for 8.24 seconds - 3/13/2025, 11:20:30 AM
- Processing dataset metadata
- Processing tx sequence
ℹ Processed: 3000, Confirmed: 3000, Failed: 0, TPS: 63.353958566511096
✔ Dataset metadata processed
ℹ Sleeping for 8.16 seconds - 3/13/2025, 11:21:52 AM
- Processing dataset metadata
- Processing tx sequence
ℹ Processed: 3000, Confirmed: 3000, Failed: 0, TPS: 63.39948012426298
✔ Dataset metadata processed
ℹ Sleeping for 8.27 seconds - 3/13/2025, 11:23:14 AM
- Processing dataset metadata
- Processing tx sequence
ℹ Processed: 3000, Confirmed: 3000, Failed: 0, TPS: 63.38742393509128
✔ Dataset metadata processed
ℹ Sleeping for 8.20 seconds - 3/13/2025, 11:24:36 AM
- Processing dataset metadata
- Processing tx sequence
ℹ Processed: 3000, Confirmed: 3000, Failed: 0, TPS: 63.38072803329601
✔ Dataset metadata processed
ℹ Sleeping for 8.19 seconds - 3/13/2025, 11:25:58 AM
- Processing dataset metadata
- Processing tx sequence
ℹ Processed: 3000, Confirmed: 3000, Failed: 0, TPS: 63.37537233031244
✔ Dataset metadata processed
ℹ Sleeping for 8.28 seconds - 3/13/2025, 11:27:19 AM
- Processing dataset metadata
- Processing tx sequence
ℹ Processed: 3000, Confirmed: 3000, Failed: 0, TPS: 63.40081998393846
✔ Dataset metadata processed
ℹ Sleeping for 8.31 seconds - 3/13/2025, 11:28:41 AM
- Processing dataset metadata
- Processing tx sequence
ℹ Processed: 3000, Confirmed: 3000, Failed: 0, TPS: 63.34593213539137
✔ Dataset metadata processed
ℹ Sleeping for 8.24 seconds - 3/13/2025, 11:30:03 AM
- Processing dataset metadata
- Processing tx sequence
ℹ Processed: 3000, Confirmed: 3000, Failed: 0, TPS: 63.29781622534022
✔ Dataset metadata processed
ℹ Sleeping for 8.24 seconds - 3/13/2025, 11:31:25 AM
- Processing dataset metadata
- Processing tx sequence
ℹ Processed: 3000, Confirmed: 3000, Failed: 0, TPS: 63.40483990277925
✔ Dataset metadata processed
ℹ Sleeping for 8.34 seconds - 3/13/2025, 11:32:46 AM
- Processing dataset metadata
- Processing tx sequence
ℹ Processed: 3000, Confirmed: 3000, Failed: 0, TPS: 60.955786736020805
✔ Dataset metadata processed
ℹ Sleeping for 6.33 seconds - 3/13/2025, 11:34:10 AM
- Processing dataset metadata
- Processing tx sequence
ℹ Processed: 3000, Confirmed: 3000, Failed: 0, TPS: 63.35262068674241
✔ Dataset metadata processed
ℹ Sleeping for 8.19 seconds - 3/13/2025, 11:35:32 AM
- Processing dataset metadata
- Processing tx sequence
ℹ Processed: 3000, Confirmed: 3000, Failed: 0, TPS: 63.30716637123323
✔ Dataset metadata processed
ℹ Sleeping for 8.12 seconds - 3/13/2025, 11:36:54 AM
- Processing dataset metadata
- Processing tx sequence
ℹ Processed: 3000, Confirmed: 3000, Failed: 0, TPS: 63.37671117120163
✔ Dataset metadata processed
ℹ Sleeping for 8.24 seconds - 3/13/2025, 11:38:16 AM
- Processing dataset metadata
- Processing tx sequence
ℹ Processed: 3000, Confirmed: 3000, Failed: 0, TPS: 63.38876328522831
✔ Dataset metadata processed
ℹ Sleeping for 8.21 seconds - 3/13/2025, 11:39:37 AM
- Processing dataset metadata
- Processing tx sequence
ℹ Processed: 3000, Confirmed: 3000, Failed: 0, TPS: 63.22444678609062
✔ Dataset metadata processed
ℹ Sleeping for 8.07 seconds - 3/13/2025, 11:40:59 AM
- Processing dataset metadata
- Processing tx sequence
ℹ Processed: 3000, Confirmed: 3000, Failed: 0, TPS: 63.406179989009594
✔ Dataset metadata processed
ℹ Sleeping for 8.22 seconds - 3/13/2025, 11:42:21 AM
- Processing dataset metadata
- Processing tx sequence
ℹ Processed: 3000, Confirmed: 3000, Failed: 0, TPS: 63.378050068659554
✔ Dataset metadata processed
ℹ Sleeping for 8.42 seconds - 3/13/2025, 11:43:43 AM
- Processing dataset metadata
- Processing tx sequence
ℹ Processed: 3000, Confirmed: 3000, Failed: 0, TPS: 63.374033545988425
✔ Dataset metadata processed
ℹ Sleeping for 8.26 seconds - 3/13/2025, 11:45:05 AM
- Processing dataset metadata
- Processing tx sequence
ℹ Processed: 3000, Confirmed: 3000, Failed: 0, TPS: 63.36734047272036
✔ Dataset metadata processed
ℹ Sleeping for 8.26 seconds - 3/13/2025, 11:46:26 AM
- Processing dataset metadata
- Processing tx sequence
ℹ Processed: 3000, Confirmed: 3000, Failed: 0, TPS: 63.37269481822599
✔ Dataset metadata processed
ℹ Sleeping for 8.23 seconds - 3/13/2025, 11:47:48 AM
- Processing dataset metadata
- Processing tx sequence
ℹ Processed: 3000, Confirmed: 3000, Failed: 0, TPS: 63.359310650700124
✔ Dataset metadata processed
ℹ Sleeping for 8.20 seconds - 3/13/2025, 11:49:10 AM
- Processing dataset metadata
- Processing tx sequence
ℹ Processed: 3000, Confirmed: 3000, Failed: 0, TPS: 63.37269481822599
✔ Dataset metadata processed
ℹ Sleeping for 8.26 seconds - 3/13/2025, 11:50:32 AM
- Processing dataset metadata
- Processing tx sequence
ℹ Processed: 3000, Confirmed: 3000, Failed: 0, TPS: 63.39010269196636
✔ Dataset metadata processed
ℹ Sleeping for 8.25 seconds - 3/13/2025, 11:51:54 AM
- Processing dataset metadata
- Processing tx sequence
ℹ Processed: 3000, Confirmed: 3000, Failed: 0, TPS: 63.339244996199646
✔ Dataset metadata processed
ℹ Sleeping for 8.24 seconds - 3/13/2025, 11:53:15 AM
- Processing dataset metadata
- Processing tx sequence
ℹ Processed: 3000, Confirmed: 3000, Failed: 0, TPS: 63.383406224250486
✔ Dataset metadata processed
ℹ Sleeping for 8.24 seconds - 3/13/2025, 11:54:37 AM
- Processing dataset metadata
- Processing tx sequence
ℹ Processed: 3000, Confirmed: 3000, Failed: 0, TPS: 63.40752013188764
✔ Dataset metadata processed
ℹ Sleeping for 8.17 seconds - 3/13/2025, 11:55:59 AM
- Processing dataset metadata
- Processing tx sequence
ℹ Processed: 3000, Confirmed: 3000, Failed: 0, TPS: 63.30850233186317
✔ Dataset metadata processed
ℹ Sleeping for 8.20 seconds - 3/13/2025, 11:57:21 AM
- Processing dataset metadata
- Processing tx sequence
ℹ Processed: 3000, Confirmed: 3000, Failed: 0, TPS: 63.383406224250486
✔ Dataset metadata processed
ℹ Sleeping for 8.23 seconds - 3/13/2025, 11:58:43 AM
- Processing dataset metadata
- Processing tx sequence
ℹ Processed: 3000, Confirmed: 3000, Failed: 0, TPS: 63.38072803329601
✔ Dataset metadata processed
ℹ Sleeping for 8.14 seconds - 3/13/2025, 12:00:05 PM
- Processing dataset metadata
- Processing tx sequence
ℹ Processed: 3000, Confirmed: 3000, Failed: 0, TPS: 63.228444369507024
✔ Dataset metadata processed
ℹ Sleeping for 8.12 seconds - 3/13/2025, 12:01:26 PM
- Processing dataset metadata
- Processing tx sequence
ℹ Processed: 3000, Confirmed: 3000, Failed: 0, TPS: 63.36332530731213
✔ Dataset metadata processed
ℹ Sleeping for 8.25 seconds - 3/13/2025, 12:02:48 PM
- Processing dataset metadata
- Processing tx sequence
ℹ Processed: 3000, Confirmed: 3000, Failed: 0, TPS: 63.260443244839
✔ Dataset metadata processed
ℹ Sleeping for 8.13 seconds - 3/13/2025, 12:04:10 PM
- Processing dataset metadata
- Processing tx sequence
ℹ Processed: 3000, Confirmed: 3000, Failed: 0, TPS: 63.253774141857136
✔ Dataset metadata processed
ℹ Sleeping for 8.14 seconds - 3/13/2025, 12:05:32 PM
- Processing dataset metadata
- Processing tx sequence
ℹ Processed: 3000, Confirmed: 3000, Failed: 0, TPS: 63.374033545988425
✔ Dataset metadata processed
ℹ Sleeping for 8.23 seconds - 3/13/2025, 12:06:54 PM
- Processing dataset metadata
- Processing tx sequence
ℹ Processed: 3000, Confirmed: 3000, Failed: 0, TPS: 63.23777403035413
✔ Dataset metadata processed
ℹ Sleeping for 8.09 seconds - 3/13/2025, 12:08:16 PM
- Processing dataset metadata
- Processing tx sequence
ℹ Processed: 3000, Confirmed: 3000, Failed: 0, TPS: 63.38474540460596
✔ Dataset metadata processed
ℹ Sleeping for 8.26 seconds - 3/13/2025, 12:09:38 PM
- Processing dataset metadata
- Processing tx sequence
ℹ Processed: 3000, Confirmed: 3000, Failed: 0, TPS: 63.40752013188764
✔ Dataset metadata processed
ℹ Sleeping for 8.24 seconds - 3/13/2025, 12:10:59 PM
- Processing dataset metadata
- Processing tx sequence
ℹ Processed: 3000, Confirmed: 3000, Failed: 0, TPS: 63.39546088500063
✔ Dataset metadata processed
ℹ Sleeping for 8.26 seconds - 3/13/2025, 12:12:21 PM
- Processing dataset metadata
- Processing tx sequence
ℹ Processed: 3000, Confirmed: 3000, Failed: 0, TPS: 63.39412125182258
✔ Dataset metadata processed
ℹ Sleeping for 8.26 seconds - 3/13/2025, 12:13:43 PM
- Processing dataset metadata
- Processing tx sequence
ℹ Processed: 3000, Confirmed: 3000, Failed: 0, TPS: 63.374033545988425
✔ Dataset metadata processed
ℹ Sleeping for 8.25 seconds - 3/13/2025, 12:15:05 PM
- Processing dataset metadata
- Processing tx sequence
ℹ Processed: 3000, Confirmed: 3000, Failed: 0, TPS: 63.35262068674241
✔ Dataset metadata processed
ℹ Sleeping for 8.20 seconds - 3/13/2025, 12:16:27 PM
- Processing dataset metadata
- Processing tx sequence
ℹ Processed: 3000, Confirmed: 3000, Failed: 0, TPS: 63.348607386447625
✔ Dataset metadata processed
ℹ Sleeping for 8.20 seconds - 3/13/2025, 12:17:48 PM
- Processing dataset metadata
- Processing tx sequence
ℹ Processed: 3000, Confirmed: 3000, Failed: 0, TPS: 63.39412125182258
✔ Dataset metadata processed
ℹ Sleeping for 8.21 seconds - 3/13/2025, 12:19:10 PM
- Processing dataset metadata
- Processing tx sequence
ℹ Processed: 3000, Confirmed: 3000, Failed: 0, TPS: 63.40081998393846
✔ Dataset metadata processed
ℹ Sleeping for 8.30 seconds - 3/13/2025, 12:20:32 PM
- Processing dataset metadata
- Processing tx sequence
ℹ Processed: 3000, Confirmed: 3000, Failed: 0, TPS: 63.366002027712064
✔ Dataset metadata processed
ℹ Sleeping for 8.22 seconds - 3/13/2025, 12:21:54 PM
- Processing dataset metadata
- Processing tx sequence
ℹ Processed: 3000, Confirmed: 3000, Failed: 0, TPS: 63.30182309250506
✔ Dataset metadata processed
ℹ Sleeping for 8.18 seconds - 3/13/2025, 12:23:16 PM
- Processing dataset metadata
- Processing tx sequence
ℹ Processed: 3000, Confirmed: 3000, Failed: 0, TPS: 62.04885313036465
✔ Dataset metadata processed
ℹ Sleeping for 7.21 seconds - 3/13/2025, 12:24:38 PM
- Processing dataset metadata
- Processing tx sequence
ℹ Processed: 3000, Confirmed: 3000, Failed: 0, TPS: 63.37671117120163
✔ Dataset metadata processed
ℹ Sleeping for 8.19 seconds - 3/13/2025, 12:26:00 PM
- Processing dataset metadata
- Processing tx sequence
ℹ Processed: 3000, Confirmed: 3000, Failed: 0, TPS: 63.3566344955756
✔ Dataset metadata processed
ℹ Sleeping for 8.24 seconds - 3/13/2025, 12:27:22 PM
- Processing dataset metadata
- Processing tx sequence
ℹ Processed: 3000, Confirmed: 3000, Failed: 0, TPS: 63.403499873193
✔ Dataset metadata processed
ℹ Sleeping for 8.29 seconds - 3/13/2025, 12:28:44 PM
- Processing dataset metadata
- Processing tx sequence
ℹ Processed: 3000, Confirmed: 3000, Failed: 0, TPS: 63.359310650700124
✔ Dataset metadata processed
ℹ Sleeping for 8.22 seconds - 3/13/2025, 12:30:06 PM
- Processing dataset metadata
- Processing tx sequence
ℹ Processed: 3000, Confirmed: 3000, Failed: 0, TPS: 63.39814032121724
✔ Dataset metadata processed
ℹ Sleeping for 8.22 seconds - 3/13/2025, 12:31:27 PM
- Processing dataset metadata
- Processing tx sequence
ℹ Processed: 3000, Confirmed: 3000, Failed: 0, TPS: 63.366002027712064
✔ Dataset metadata processed
ℹ Sleeping for 8.21 seconds - 3/13/2025, 12:32:49 PM
- Processing dataset metadata
- Processing tx sequence
ℹ Processed: 3000, Confirmed: 3000, Failed: 0, TPS: 63.27378567059667
✔ Dataset metadata processed
ℹ Sleeping for 8.14 seconds - 3/13/2025, 12:34:11 PM
- Processing dataset metadata
- Processing tx sequence
ℹ Processed: 3000, Confirmed: 3000, Failed: 0, TPS: 63.39412125182258
✔ Dataset metadata processed
ℹ Sleeping for 8.19 seconds - 3/13/2025, 12:35:33 PM
- Processing dataset metadata
- Processing tx sequence
ℹ Processed: 3000, Confirmed: 3000, Failed: 0, TPS: 63.378050068659554
✔ Dataset metadata processed
ℹ Sleeping for 8.17 seconds - 3/13/2025, 12:36:55 PM
- Processing dataset metadata
- Processing tx sequence
ℹ Processed: 3000, Confirmed: 3000, Failed: 0, TPS: 63.32988537290747
✔ Dataset metadata processed
ℹ Sleeping for 8.24 seconds - 3/13/2025, 12:38:17 PM
- Processing dataset metadata
- Processing tx sequence
ℹ Processed: 3000, Confirmed: 3000, Failed: 0, TPS: 62.23679024127129
✔ Dataset metadata processed
ℹ Sleeping for 7.36 seconds - 3/13/2025, 12:39:39 PM
- Processing dataset metadata
- Processing tx sequence
ℹ Processed: 3000, Confirmed: 3000, Failed: 0, TPS: 63.24044015346347
✔ Dataset metadata processed
ℹ Sleeping for 8.15 seconds - 3/13/2025, 12:41:01 PM
- Processing dataset metadata
- Processing tx sequence
ℹ Processed: 3000, Confirmed: 3000, Failed: 0, TPS: 63.411540900443875
✔ Dataset metadata processed
ℹ Sleeping for 8.26 seconds - 3/13/2025, 12:42:23 PM
- Processing dataset metadata
- Processing tx sequence
ℹ Processed: 3000, Confirmed: 3000, Failed: 0, TPS: 63.37671117120163
✔ Dataset metadata processed
ℹ Sleeping for 8.27 seconds - 3/13/2025, 12:43:45 PM
- Processing dataset metadata
- Processing tx sequence
ℹ Processed: 3000, Confirmed: 3000, Failed: 0, TPS: 63.30983834887941
✔ Dataset metadata processed
ℹ Sleeping for 8.21 seconds - 3/13/2025, 12:45:07 PM
- Processing dataset metadata
- Processing tx sequence
ℹ Processed: 3000, Confirmed: 3000, Failed: 0, TPS: 61.61429451632779
✔ Dataset metadata processed
ℹ Sleeping for 6.85 seconds - 3/13/2025, 12:46:30 PM
- Processing dataset metadata
- Processing tx sequence
ℹ Processed: 3000, Confirmed: 3000, Failed: 0, TPS: 63.22577925772936
✔ Dataset metadata processed
ℹ Sleeping for 8.11 seconds - 3/13/2025, 12:47:52 PM
- Processing dataset metadata
- Processing tx sequence
ℹ Processed: 3000, Confirmed: 3000, Failed: 0, TPS: 63.38474540460596
✔ Dataset metadata processed
ℹ Sleeping for 8.21 seconds - 3/13/2025, 12:49:14 PM
- Processing dataset metadata
- Processing tx sequence
ℹ Processed: 3000, Confirmed: 3000, Failed: 0, TPS: 63.22711178553364
✔ Dataset metadata processed
ℹ Sleeping for 8.11 seconds - 3/13/2025, 12:50:35 PM
- Processing dataset metadata
- Processing tx sequence
ℹ Processed: 3000, Confirmed: 3000, Failed: 0, TPS: 63.32988537290747
✔ Dataset metadata processed
ℹ Sleeping for 8.20 seconds - 3/13/2025, 12:51:57 PM
- Processing dataset metadata
- Processing tx sequence
ℹ Processed: 3000, Confirmed: 3000, Failed: 0, TPS: 63.39010269196636
✔ Dataset metadata processed
ℹ Sleeping for 8.27 seconds - 3/13/2025, 12:53:19 PM
- Processing dataset metadata
- Processing tx sequence
ℹ Processed: 3000, Confirmed: 3000, Failed: 0, TPS: 63.34191968244584
✔ Dataset metadata processed
ℹ Sleeping for 8.23 seconds - 3/13/2025, 12:54:41 PM
- Processing dataset metadata
- Processing tx sequence
ℹ Processed: 3000, Confirmed: 3000, Failed: 0, TPS: 63.371356147021544
✔ Dataset metadata processed
ℹ Sleeping for 8.20 seconds - 3/13/2025, 12:56:03 PM
- Processing dataset metadata
- Processing tx sequence
ℹ Processed: 3000, Confirmed: 3000, Failed: 0, TPS: 63.28312871788381
✔ Dataset metadata processed
ℹ Sleeping for 8.17 seconds - 3/13/2025, 12:57:25 PM
- Processing dataset metadata
- Processing tx sequence
ℹ Processed: 3000, Confirmed: 3000, Failed: 0, TPS: 63.379389022689814
✔ Dataset metadata processed
ℹ Sleeping for 8.23 seconds - 3/13/2025, 12:58:46 PM
- Processing dataset metadata
- Processing tx sequence
ℹ Processed: 3000, Confirmed: 3000, Failed: 0, TPS: 63.36466363924385
✔ Dataset metadata processed
ℹ Sleeping for 8.23 seconds - 3/13/2025, 1:00:08 PM
- Processing dataset metadata
- Processing tx sequence
ℹ Processed: 3000, Confirmed: 3000, Failed: 0, TPS: 63.39814032121724
✔ Dataset metadata processed
ℹ Sleeping for 8.28 seconds - 3/13/2025, 1:01:30 PM
- Processing dataset metadata
- Processing tx sequence
ℹ Processed: 3000, Confirmed: 3000, Failed: 0, TPS: 63.29514526235838
✔ Dataset metadata processed
ℹ Sleeping for 8.11 seconds - 3/13/2025, 1:02:52 PM
- Processing dataset metadata
- Processing tx sequence
ℹ Processed: 3000, Confirmed: 3000, Failed: 0, TPS: 63.24177329932331
✔ Dataset metadata processed
ℹ Sleeping for 8.08 seconds - 3/13/2025, 1:04:14 PM
- Processing dataset metadata
- Processing tx sequence
ℹ Processed: 3000, Confirmed: 3000, Failed: 0, TPS: 63.28312871788381
✔ Dataset metadata processed
ℹ Sleeping for 8.17 seconds - 3/13/2025, 1:05:36 PM
- Processing dataset metadata
- Processing tx sequence
ℹ Processed: 3000, Confirmed: 3000, Failed: 0, TPS: 63.2617772341951
✔ Dataset metadata processed
ℹ Sleeping for 8.10 seconds - 3/13/2025, 1:06:58 PM
- Processing dataset metadata
- Processing tx sequence
ℹ Processed: 3000, Confirmed: 3000, Failed: 0, TPS: 63.31919204710948
✔ Dataset metadata processed
ℹ Sleeping for 8.31 seconds - 3/13/2025, 1:08:19 PM
- Processing dataset metadata
- Processing tx sequence
ℹ Processed: 3000, Confirmed: 3000, Failed: 0, TPS: 63.31384673828166
✔ Dataset metadata processed
ℹ Sleeping for 8.22 seconds - 3/13/2025, 1:09:41 PM
- Processing dataset metadata
- Processing tx sequence
ℹ Processed: 3000, Confirmed: 3000, Failed: 0, TPS: 63.32186503999831
✔ Dataset metadata processed
ℹ Sleeping for 8.14 seconds - 3/13/2025, 1:11:03 PM
- Processing dataset metadata
- Processing tx sequence
ℹ Processed: 3000, Confirmed: 3000, Failed: 0, TPS: 63.39680057479766
✔ Dataset metadata processed
ℹ Sleeping for 8.29 seconds - 3/13/2025, 1:12:25 PM
- Processing dataset metadata
- Processing tx sequence
ℹ Processed: 3000, Confirmed: 3000, Failed: 0, TPS: 63.34325711028062
✔ Dataset metadata processed
ℹ Sleeping for 8.25 seconds - 3/13/2025, 1:13:47 PM
- Processing dataset metadata
- Processing tx sequence
ℹ Processed: 3000, Confirmed: 3000, Failed: 0, TPS: 63.37269481822599
✔ Dataset metadata processed
ℹ Sleeping for 8.21 seconds - 3/13/2025, 1:15:08 PM
- Processing dataset metadata
- Processing tx sequence
ℹ Processed: 3000, Confirmed: 3000, Failed: 0, TPS: 63.33255926872005
✔ Dataset metadata processed
ℹ Sleeping for 8.16 seconds - 3/13/2025, 1:16:30 PM
- Processing dataset metadata
- Processing tx sequence
ℹ Processed: 3000, Confirmed: 3000, Failed: 0, TPS: 63.34325711028062
✔ Dataset metadata processed
ℹ Sleeping for 8.21 seconds - 3/13/2025, 1:17:52 PM
- Processing dataset metadata
- Processing tx sequence
ℹ Processed: 3000, Confirmed: 3000, Failed: 0, TPS: 63.36466363924385
✔ Dataset metadata processed
ℹ Sleeping for 8.27 seconds - 3/13/2025, 1:19:14 PM
- Processing dataset metadata
- Processing tx sequence
ℹ Processed: 3000, Confirmed: 3000, Failed: 0, TPS: 63.360648813043845
✔ Dataset metadata processed
ℹ Sleeping for 8.24 seconds - 3/13/2025, 1:20:36 PM
- Processing dataset metadata
- Processing tx sequence
ℹ Processed: 3000, Confirmed: 3000, Failed: 0, TPS: 63.40215990024727
✔ Dataset metadata processed
ℹ Sleeping for 8.24 seconds - 3/13/2025, 1:21:57 PM
- Processing dataset metadata
- Processing tx sequence
ℹ Processed: 3000, Confirmed: 3000, Failed: 0, TPS: 63.244439759671124
✔ Dataset metadata processed
ℹ Sleeping for 8.29 seconds - 3/13/2025, 1:23:19 PM
- Processing dataset metadata
- Processing tx sequence
ℹ Processed: 3000, Confirmed: 3000, Failed: 0, TPS: 63.32186503999831
✔ Dataset metadata processed
ℹ Sleeping for 8.22 seconds - 3/13/2025, 1:24:41 PM
- Processing dataset metadata
- Processing tx sequence
ℹ Processed: 3000, Confirmed: 3000, Failed: 0, TPS: 63.37001753237151
✔ Dataset metadata processed
ℹ Sleeping for 8.20 seconds - 3/13/2025, 1:26:03 PM
- Processing dataset metadata
- Processing tx sequence
ℹ Processed: 3000, Confirmed: 3000, Failed: 0, TPS: 63.200471896856826
✔ Dataset metadata processed
ℹ Sleeping for 8.06 seconds - 3/13/2025, 1:27:25 PM
- Processing dataset metadata
- Processing tx sequence
ℹ Processed: 3000, Confirmed: 3000, Failed: 0, TPS: 63.28045899426257
✔ Dataset metadata processed
ℹ Sleeping for 8.19 seconds - 3/13/2025, 1:28:47 PM
- Processing dataset metadata
- Processing tx sequence
ℹ Processed: 3000, Confirmed: 3000, Failed: 0, TPS: 63.2617772341951
✔ Dataset metadata processed
ℹ Sleeping for 8.22 seconds - 3/13/2025, 1:30:08 PM
- Processing dataset metadata
- Processing tx sequence
ℹ Processed: 3000, Confirmed: 3000, Failed: 0, TPS: 63.37001753237151
✔ Dataset metadata processed
ℹ Sleeping for 8.23 seconds - 3/13/2025, 1:31:30 PM
- Processing dataset metadata
- Processing tx sequence
ℹ Processed: 3000, Confirmed: 3000, Failed: 0, TPS: 63.38608464155169
✔ Dataset metadata processed
ℹ Sleeping for 8.19 seconds - 3/13/2025, 1:32:52 PM
- Processing dataset metadata
- Processing tx sequence
ℹ Processed: 3000, Confirmed: 3000, Failed: 0, TPS: 63.260443244839
✔ Dataset metadata processed
ℹ Sleeping for 8.11 seconds - 3/13/2025, 1:34:14 PM
- Processing dataset metadata
- Processing tx sequence
ℹ Processed: 3000, Confirmed: 3000, Failed: 0, TPS: 63.30716637123323
✔ Dataset metadata processed
ℹ Sleeping for 8.18 seconds - 3/13/2025, 1:35:36 PM
- Processing dataset metadata
- Processing tx sequence
ℹ Processed: 3000, Confirmed: 3000, Failed: 0, TPS: 61.686509160446604
✔ Dataset metadata processed
ℹ Sleeping for 6.94 seconds - 3/13/2025, 1:36:59 PM
- Processing dataset metadata
- Processing tx sequence
ℹ Processed: 3000, Confirmed: 3000, Failed: 0, TPS: 63.22178201129563
✔ Dataset metadata processed
ℹ Sleeping for 8.19 seconds - 3/13/2025, 1:38:21 PM
- Processing dataset metadata
- Processing tx sequence
ℹ Processed: 3000, Confirmed: 3000, Failed: 0, TPS: 63.37001753237151
✔ Dataset metadata processed
ℹ Sleeping for 8.22 seconds - 3/13/2025, 1:39:43 PM
- Processing dataset metadata
- Processing tx sequence
ℹ Processed: 3000, Confirmed: 3000, Failed: 0, TPS: 63.30182309250506
✔ Dataset metadata processed
ℹ Sleeping for 8.20 seconds - 3/13/2025, 1:41:04 PM
- Processing dataset metadata
- Processing tx sequence
ℹ Processed: 3000, Confirmed: 3000, Failed: 0, TPS: 63.22044970813225
✔ Dataset metadata processed
ℹ Sleeping for 8.11 seconds - 3/13/2025, 1:42:26 PM
- Processing dataset metadata
- Processing tx sequence
ℹ Processed: 3000, Confirmed: 3000, Failed: 0, TPS: 63.260443244839
✔ Dataset metadata processed
ℹ Sleeping for 8.13 seconds - 3/13/2025, 1:43:48 PM
- Processing dataset metadata
- Processing tx sequence
ℹ Processed: 3000, Confirmed: 3000, Failed: 0, TPS: 63.39412125182258
✔ Dataset metadata processed
ℹ Sleeping for 8.24 seconds - 3/13/2025, 1:45:10 PM
- Processing dataset metadata
- Processing tx sequence
ℹ Processed: 3000, Confirmed: 3000, Failed: 0, TPS: 63.28045899426257
✔ Dataset metadata processed
ℹ Sleeping for 8.13 seconds - 3/13/2025, 1:46:32 PM
- Processing dataset metadata
- Processing tx sequence
ℹ Processed: 3000, Confirmed: 3000, Failed: 0, TPS: 63.357972544878564
✔ Dataset metadata processed
ℹ Sleeping for 8.08 seconds - 3/13/2025, 1:47:54 PM
- Processing dataset metadata
- Processing tx sequence
ℹ Processed: 3000, Confirmed: 3000, Failed: 0, TPS: 63.39412125182258
✔ Dataset metadata processed
ℹ Sleeping for 8.27 seconds - 3/13/2025, 1:49:16 PM
- Processing dataset metadata
- Processing tx sequence
ℹ Processed: 3000, Confirmed: 3000, Failed: 0, TPS: 63.411540900443875
✔ Dataset metadata processed
ℹ Sleeping for 8.34 seconds - 3/13/2025, 1:50:37 PM
- Processing dataset metadata
- Processing tx sequence
ℹ Processed: 3000, Confirmed: 3000, Failed: 0, TPS: 63.37269481822599
✔ Dataset metadata processed
ℹ Sleeping for 8.21 seconds - 3/13/2025, 1:51:59 PM
- Processing dataset metadata
- Processing tx sequence
ℹ Processed: 3000, Confirmed: 3000, Failed: 0, TPS: 63.379389022689814
✔ Dataset metadata processed
ℹ Sleeping for 8.18 seconds - 3/13/2025, 1:53:21 PM
- Processing dataset metadata
- Processing tx sequence
ℹ Processed: 3000, Confirmed: 3000, Failed: 0, TPS: 22.224197706462796
✔ Dataset metadata processed
⚠ Processing transactions took longer than the interval. Sleep 30 seconds - 3/13/2025, 1:56:11 PM
- Processing dataset metadata
- Processing tx sequence
ℹ Processed: 3000, Confirmed: 3000, Failed: 0, TPS: 63.34593213539137
✔ Dataset metadata processed
ℹ Sleeping for 8.29 seconds - 3/13/2025, 1:57:32 PM
- Processing dataset metadata
- Processing tx sequence
ℹ Processed: 3000, Confirmed: 3000, Failed: 0, TPS: 60.83711875405581
✔ Dataset metadata processed
ℹ Sleeping for 6.04 seconds - 3/13/2025, 1:58:56 PM
- Processing dataset metadata
- Processing tx sequence
ℹ Processed: 3000, Confirmed: 3000, Failed: 0, TPS: 63.30850233186317
✔ Dataset metadata processed
ℹ Sleeping for 8.20 seconds - 3/13/2025, 2:00:18 PM
- Processing dataset metadata
- Processing tx sequence
ℹ Processed: 3000, Confirmed: 3000, Failed: 0, TPS: 63.30716637123323
✔ Dataset metadata processed
ℹ Sleeping for 8.16 seconds - 3/13/2025, 2:01:40 PM
- Processing dataset metadata
- Processing tx sequence
ℹ Processed: 3000, Confirmed: 3000, Failed: 0, TPS: 63.26978235194871
✔ Dataset metadata processed
ℹ Sleeping for 8.04 seconds - 3/13/2025, 2:03:02 PM
- Processing dataset metadata
- Processing tx sequence
ℹ Processed: 3000, Confirmed: 3000, Failed: 0, TPS: 63.36466363924385
✔ Dataset metadata processed
ℹ Sleeping for 8.21 seconds - 3/13/2025, 2:04:24 PM
