
Hydra Head is finalized


Hydra Head will be initialized again

- Initializing head
✔ Head initialized
ℹ Number of transactions to generate: 3000 - 4/2/2025, 6:39:39 AM
ℹ Interval to process transactions: 60 seconds - 4/2/2025, 6:39:39 AM
- Processing dataset metadata
ℹ Processing dataset /tmp/many-transactions-interval-1743575979850.json
ℹ All participants committed to the head
- Waiting for head to open
ℹ Head is open
- Processing tx sequence
ℹ Processed: 3000, Confirmed: 3000, Failed: 0, TPS: 63.33523339033505
✔ Dataset metadata processed
⚠ Processing transactions took longer than the interval. Sleep 30 seconds - 4/2/2025, 6:41:20 AM
- Processing dataset metadata
- Processing tx sequence
ℹ Processed: 3000, Confirmed: 3000, Failed: 0, TPS: 63.29380986539516
✔ Dataset metadata processed
ℹ Sleeping for 8.22 seconds - 4/2/2025, 6:42:42 AM
- Processing dataset metadata
- Processing tx sequence
ℹ Processed: 3000, Confirmed: 3000, Failed: 0, TPS: 63.366002027712064
✔ Dataset metadata processed
ℹ Sleeping for 8.22 seconds - 4/2/2025, 6:44:04 AM
- Processing dataset metadata
- Processing tx sequence
ℹ Processed: 3000, Confirmed: 3000, Failed: 0, TPS: 63.333896301300456
✔ Dataset metadata processed
ℹ Sleeping for 8.18 seconds - 4/2/2025, 6:45:26 AM
- Processing dataset metadata
- Processing tx sequence
ℹ Processed: 3000, Confirmed: 3000, Failed: 0, TPS: 63.357972544878564
✔ Dataset metadata processed
ℹ Sleeping for 8.24 seconds - 4/2/2025, 6:46:48 AM
- Processing dataset metadata
- Processing tx sequence
ℹ Processed: 3000, Confirmed: 3000, Failed: 0, TPS: 63.34058231108671
✔ Dataset metadata processed
ℹ Sleeping for 8.04 seconds - 4/2/2025, 6:48:10 AM
- Processing dataset metadata
- Processing tx sequence
ℹ Processed: 3000, Confirmed: 3000, Failed: 0, TPS: 63.336570535827384
✔ Dataset metadata processed
ℹ Sleeping for 8.25 seconds - 4/2/2025, 6:49:31 AM
- Processing dataset metadata
- Processing tx sequence
ℹ Processed: 3000, Confirmed: 3000, Failed: 0, TPS: 63.359310650700124
✔ Dataset metadata processed
ℹ Sleeping for 8.25 seconds - 4/2/2025, 6:50:53 AM
- Processing dataset metadata
- Processing tx sequence
ℹ Processed: 3000, Confirmed: 3000, Failed: 0, TPS: 61.45400167974271
✔ Dataset metadata processed
ℹ Sleeping for 6.83 seconds - 4/2/2025, 6:52:16 AM
- Processing dataset metadata
- Processing tx sequence
ℹ Processed: 3000, Confirmed: 3000, Failed: 0, TPS: 63.34191968244584
✔ Dataset metadata processed
ℹ Sleeping for 8.41 seconds - 4/2/2025, 6:53:38 AM
- Processing dataset metadata
- Processing tx sequence
ℹ Processed: 3000, Confirmed: 3000, Failed: 0, TPS: 63.34058231108671
✔ Dataset metadata processed
ℹ Sleeping for 8.25 seconds - 4/2/2025, 6:55:00 AM
- Processing dataset metadata
- Processing tx sequence
ℹ Processed: 3000, Confirmed: 3000, Failed: 0, TPS: 63.359310650700124
✔ Dataset metadata processed
ℹ Sleeping for 8.23 seconds - 4/2/2025, 6:56:22 AM
- Processing dataset metadata
- Processing tx sequence
ℹ Processed: 3000, Confirmed: 3000, Failed: 0, TPS: 63.359310650700124
✔ Dataset metadata processed
ℹ Sleeping for 8.20 seconds - 4/2/2025, 6:57:43 AM
- Processing dataset metadata
- Processing tx sequence
ℹ Processed: 3000, Confirmed: 3000, Failed: 0, TPS: 63.359310650700124
✔ Dataset metadata processed
ℹ Sleeping for 8.37 seconds - 4/2/2025, 6:59:05 AM
- Processing dataset metadata
- Processing tx sequence
ℹ Processed: 3000, Confirmed: 3000, Failed: 0, TPS: 63.31384673828166
✔ Dataset metadata processed
ℹ Sleeping for 8.18 seconds - 4/2/2025, 7:00:27 AM
- Processing dataset metadata
- Processing tx sequence
ℹ Processed: 3000, Confirmed: 3000, Failed: 0, TPS: 63.366002027712064
✔ Dataset metadata processed
ℹ Sleeping for 8.27 seconds - 4/2/2025, 7:01:49 AM
- Processing dataset metadata
- Processing tx sequence
ℹ Processed: 3000, Confirmed: 3000, Failed: 0, TPS: 63.32854850966816
✔ Dataset metadata processed
ℹ Sleeping for 8.20 seconds - 4/2/2025, 7:03:11 AM
- Processing dataset metadata
- Processing tx sequence
ℹ Processed: 3000, Confirmed: 3000, Failed: 0, TPS: 63.348607386447625
✔ Dataset metadata processed
ℹ Sleeping for 8.31 seconds - 4/2/2025, 7:04:32 AM
- Processing dataset metadata
- Processing tx sequence
ℹ Processed: 3000, Confirmed: 3000, Failed: 0, TPS: 63.33523339033505
✔ Dataset metadata processed
ℹ Sleeping for 8.27 seconds - 4/2/2025, 7:05:54 AM
- Processing dataset metadata
- Processing tx sequence
ℹ Processed: 3000, Confirmed: 3000, Failed: 0, TPS: 63.34994509671425
✔ Dataset metadata processed
ℹ Sleeping for 8.38 seconds - 4/2/2025, 7:07:16 AM
- Processing dataset metadata
- Processing tx sequence
ℹ Processed: 3000, Confirmed: 3000, Failed: 0, TPS: 62.5130235465722
✔ Dataset metadata processed
ℹ Sleeping for 7.72 seconds - 4/2/2025, 7:08:38 AM
- Processing dataset metadata
- Processing tx sequence
ℹ Processed: 3000, Confirmed: 3000, Failed: 0, TPS: 63.3445945945946
✔ Dataset metadata processed
ℹ Sleeping for 8.34 seconds - 4/2/2025, 7:10:00 AM
- Processing dataset metadata
- Processing tx sequence
ℹ Processed: 3000, Confirmed: 3000, Failed: 0, TPS: 63.353958566511096
✔ Dataset metadata processed
ℹ Sleeping for 8.38 seconds - 4/2/2025, 7:11:21 AM
- Processing dataset metadata
- Processing tx sequence
ℹ Processed: 3000, Confirmed: 3000, Failed: 0, TPS: 63.37001753237151
✔ Dataset metadata processed
ℹ Sleeping for 8.21 seconds - 4/2/2025, 7:12:43 AM
- Processing dataset metadata
- Processing tx sequence
ℹ Processed: 3000, Confirmed: 3000, Failed: 0, TPS: 63.34593213539137
✔ Dataset metadata processed
ℹ Sleeping for 8.41 seconds - 4/2/2025, 7:14:05 AM
- Processing dataset metadata
- Processing tx sequence
ℹ Processed: 3000, Confirmed: 3000, Failed: 0, TPS: 63.360648813043845
✔ Dataset metadata processed
ℹ Sleeping for 8.32 seconds - 4/2/2025, 7:15:27 AM
- Processing dataset metadata
- Processing tx sequence
ℹ Processed: 3000, Confirmed: 3000, Failed: 0, TPS: 63.33790773778106
✔ Dataset metadata processed
ℹ Sleeping for 8.21 seconds - 4/2/2025, 7:16:48 AM
- Processing dataset metadata
- Processing tx sequence
ℹ Processed: 3000, Confirmed: 3000, Failed: 0, TPS: 63.3445945945946
✔ Dataset metadata processed
ℹ Sleeping for 8.21 seconds - 4/2/2025, 7:18:10 AM
- Processing dataset metadata
- Processing tx sequence
ℹ Processed: 3000, Confirmed: 3000, Failed: 0, TPS: 63.353958566511096
✔ Dataset metadata processed
ℹ Sleeping for 8.20 seconds - 4/2/2025, 7:19:32 AM
- Processing dataset metadata
- Processing tx sequence
ℹ Processed: 3000, Confirmed: 3000, Failed: 0, TPS: 63.34593213539137
✔ Dataset metadata processed
ℹ Sleeping for 8.16 seconds - 4/2/2025, 7:20:54 AM
- Processing dataset metadata
- Processing tx sequence
ℹ Processed: 3000, Confirmed: 3000, Failed: 0, TPS: 63.336570535827384
✔ Dataset metadata processed
ℹ Sleeping for 8.25 seconds - 4/2/2025, 7:22:16 AM
- Processing dataset metadata
- Processing tx sequence
ℹ Processed: 3000, Confirmed: 3000, Failed: 0, TPS: 63.347269732674526
✔ Dataset metadata processed
ℹ Sleeping for 8.23 seconds - 4/2/2025, 7:23:37 AM
- Processing dataset metadata
- Processing tx sequence
ℹ Processed: 3000, Confirmed: 3000, Failed: 0, TPS: 63.36466363924385
✔ Dataset metadata processed
ℹ Sleeping for 8.25 seconds - 4/2/2025, 7:24:59 AM
- Processing dataset metadata
- Processing tx sequence
ℹ Processed: 3000, Confirmed: 3000, Failed: 0, TPS: 63.32721170286872
✔ Dataset metadata processed
ℹ Sleeping for 8.27 seconds - 4/2/2025, 7:26:21 AM
- Processing dataset metadata
- Processing tx sequence
ℹ Processed: 3000, Confirmed: 3000, Failed: 0, TPS: 63.34325711028062
✔ Dataset metadata processed
ℹ Sleeping for 8.46 seconds - 4/2/2025, 7:27:43 AM
- Processing dataset metadata
- Processing tx sequence
ℹ Processed: 3000, Confirmed: 3000, Failed: 0, TPS: 63.3566344955756
✔ Dataset metadata processed
ℹ Sleeping for 8.36 seconds - 4/2/2025, 7:29:04 AM
- Processing dataset metadata
- Processing tx sequence
ℹ Processed: 3000, Confirmed: 3000, Failed: 0, TPS: 63.336570535827384
✔ Dataset metadata processed
ℹ Sleeping for 8.17 seconds - 4/2/2025, 7:30:26 AM
- Processing dataset metadata
- Processing tx sequence
ℹ Processed: 3000, Confirmed: 3000, Failed: 0, TPS: 63.33122229259025
✔ Dataset metadata processed
ℹ Sleeping for 8.36 seconds - 4/2/2025, 7:31:48 AM
- Processing dataset metadata
- Processing tx sequence
ℹ Processed: 3000, Confirmed: 3000, Failed: 0, TPS: 63.336570535827384
✔ Dataset metadata processed
ℹ Sleeping for 8.25 seconds - 4/2/2025, 7:33:10 AM
- Processing dataset metadata
- Processing tx sequence
ℹ Processed: 3000, Confirmed: 3000, Failed: 0, TPS: 63.35529650278764
✔ Dataset metadata processed
ℹ Sleeping for 8.20 seconds - 4/2/2025, 7:34:31 AM
- Processing dataset metadata
- Processing tx sequence
ℹ Processed: 3000, Confirmed: 3000, Failed: 0, TPS: 63.33523339033505
✔ Dataset metadata processed
ℹ Sleeping for 8.21 seconds - 4/2/2025, 7:35:53 AM
- Processing dataset metadata
- Processing tx sequence
ℹ Processed: 3000, Confirmed: 3000, Failed: 0, TPS: 63.35128286347799
✔ Dataset metadata processed
ℹ Sleeping for 8.29 seconds - 4/2/2025, 7:37:15 AM
- Processing dataset metadata
- Processing tx sequence
ℹ Processed: 3000, Confirmed: 3000, Failed: 0, TPS: 63.31117442228554
✔ Dataset metadata processed
ℹ Sleeping for 8.32 seconds - 4/2/2025, 7:38:37 AM
- Processing dataset metadata
- Processing tx sequence
ℹ Processed: 3000, Confirmed: 3000, Failed: 0, TPS: 63.34994509671425
✔ Dataset metadata processed
ℹ Sleeping for 8.24 seconds - 4/2/2025, 7:39:58 AM
- Processing dataset metadata
- Processing tx sequence
ℹ Processed: 3000, Confirmed: 3000, Failed: 0, TPS: 63.288468840977174
✔ Dataset metadata processed
ℹ Sleeping for 8.10 seconds - 4/2/2025, 7:41:20 AM
- Processing dataset metadata
- Processing tx sequence
ℹ Processed: 3000, Confirmed: 3000, Failed: 0, TPS: 63.347269732674526
✔ Dataset metadata processed
ℹ Sleeping for 8.18 seconds - 4/2/2025, 7:42:42 AM
- Processing dataset metadata
- Processing tx sequence
ℹ Processed: 3000, Confirmed: 3000, Failed: 0, TPS: 63.26978235194871
✔ Dataset metadata processed
ℹ Sleeping for 8.27 seconds - 4/2/2025, 7:44:04 AM
- Processing dataset metadata
- Processing tx sequence
ℹ Processed: 3000, Confirmed: 3000, Failed: 0, TPS: 63.347269732674526
✔ Dataset metadata processed
ℹ Sleeping for 8.18 seconds - 4/2/2025, 7:45:26 AM
- Processing dataset metadata
- Processing tx sequence
ℹ Processed: 3000, Confirmed: 3000, Failed: 0, TPS: 63.33523339033505
✔ Dataset metadata processed
ℹ Sleeping for 8.23 seconds - 4/2/2025, 7:46:48 AM
- Processing dataset metadata
- Processing tx sequence
ℹ Processed: 3000, Confirmed: 3000, Failed: 0, TPS: 63.35262068674241
✔ Dataset metadata processed
ℹ Sleeping for 8.23 seconds - 4/2/2025, 7:48:09 AM
- Processing dataset metadata
- Processing tx sequence
ℹ Processed: 3000, Confirmed: 3000, Failed: 0, TPS: 63.36332530731213
✔ Dataset metadata processed
ℹ Sleeping for 8.26 seconds - 4/2/2025, 7:49:31 AM
- Processing dataset metadata
- Processing tx sequence
ℹ Processed: 3000, Confirmed: 3000, Failed: 0, TPS: 63.35128286347799
✔ Dataset metadata processed
ℹ Sleeping for 8.20 seconds - 4/2/2025, 7:50:53 AM
- Processing dataset metadata
- Processing tx sequence
ℹ Processed: 3000, Confirmed: 3000, Failed: 0, TPS: 63.34325711028062
✔ Dataset metadata processed
ℹ Sleeping for 8.13 seconds - 4/2/2025, 7:52:15 AM
- Processing dataset metadata
- Processing tx sequence
ℹ Processed: 3000, Confirmed: 3000, Failed: 0, TPS: 63.28980401257357
✔ Dataset metadata processed
ℹ Sleeping for 8.14 seconds - 4/2/2025, 7:53:37 AM
- Processing dataset metadata
- Processing tx sequence
ℹ Processed: 3000, Confirmed: 3000, Failed: 0, TPS: 63.347269732674526
✔ Dataset metadata processed
ℹ Sleeping for 8.17 seconds - 4/2/2025, 7:54:59 AM
- Processing dataset metadata
- Processing tx sequence
ℹ Processed: 3000, Confirmed: 3000, Failed: 0, TPS: 63.32854850966816
✔ Dataset metadata processed
ℹ Sleeping for 7.98 seconds - 4/2/2025, 7:56:21 AM
- Processing dataset metadata
- Processing tx sequence
ℹ Processed: 3000, Confirmed: 3000, Failed: 0, TPS: 63.34593213539137
✔ Dataset metadata processed
ℹ Sleeping for 8.23 seconds - 4/2/2025, 7:57:43 AM
- Processing dataset metadata
- Processing tx sequence
ℹ Processed: 3000, Confirmed: 3000, Failed: 0, TPS: 63.348607386447625
✔ Dataset metadata processed
ℹ Sleeping for 8.30 seconds - 4/2/2025, 7:59:04 AM
- Processing dataset metadata
- Processing tx sequence
ℹ Processed: 3000, Confirmed: 3000, Failed: 0, TPS: 63.339244996199646
✔ Dataset metadata processed
ℹ Sleeping for 8.30 seconds - 4/2/2025, 8:00:26 AM
- Processing dataset metadata
- Processing tx sequence
ℹ Processed: 3000, Confirmed: 3000, Failed: 0, TPS: 63.347269732674526
✔ Dataset metadata processed
ℹ Sleeping for 8.34 seconds - 4/2/2025, 8:01:48 AM
- Processing dataset metadata
- Processing tx sequence
ℹ Processed: 3000, Confirmed: 3000, Failed: 0, TPS: 63.357972544878564
✔ Dataset metadata processed
ℹ Sleeping for 8.34 seconds - 4/2/2025, 8:03:09 AM
- Processing dataset metadata
- Processing tx sequence
ℹ Processed: 3000, Confirmed: 3000, Failed: 0, TPS: 63.3445945945946
✔ Dataset metadata processed
ℹ Sleeping for 8.13 seconds - 4/2/2025, 8:04:31 AM
- Processing dataset metadata
- Processing tx sequence
ℹ Processed: 3000, Confirmed: 3000, Failed: 0, TPS: 63.31651927988012
✔ Dataset metadata processed
ℹ Sleeping for 8.28 seconds - 4/2/2025, 8:05:53 AM
- Processing dataset metadata
- Processing tx sequence
ℹ Processed: 3000, Confirmed: 3000, Failed: 0, TPS: 63.34325711028062
✔ Dataset metadata processed
ℹ Sleeping for 8.19 seconds - 4/2/2025, 8:07:15 AM
- Processing dataset metadata
- Processing tx sequence
ℹ Processed: 3000, Confirmed: 3000, Failed: 0, TPS: 63.32988537290747
✔ Dataset metadata processed
ℹ Sleeping for 8.20 seconds - 4/2/2025, 8:08:37 AM
- Processing dataset metadata
- Processing tx sequence
ℹ Processed: 3000, Confirmed: 3000, Failed: 0, TPS: 63.357972544878564
✔ Dataset metadata processed
ℹ Sleeping for 8.21 seconds - 4/2/2025, 8:09:59 AM
- Processing dataset metadata
- Processing tx sequence
ℹ Processed: 3000, Confirmed: 3000, Failed: 0, TPS: 63.32988537290747
✔ Dataset metadata processed
ℹ Sleeping for 8.20 seconds - 4/2/2025, 8:11:20 AM
- Processing dataset metadata
- Processing tx sequence
ℹ Processed: 3000, Confirmed: 3000, Failed: 0, TPS: 63.33523339033505
✔ Dataset metadata processed
ℹ Sleeping for 8.13 seconds - 4/2/2025, 8:12:42 AM
- Processing dataset metadata
- Processing tx sequence
ℹ Processed: 3000, Confirmed: 3000, Failed: 0, TPS: 63.33790773778106
✔ Dataset metadata processed
ℹ Sleeping for 8.19 seconds - 4/2/2025, 8:14:04 AM
- Processing dataset metadata
- Processing tx sequence
ℹ Processed: 3000, Confirmed: 3000, Failed: 0, TPS: 63.288468840977174
✔ Dataset metadata processed
ℹ Sleeping for 8.13 seconds - 4/2/2025, 8:15:26 AM
- Processing dataset metadata
- Processing tx sequence
ℹ Processed: 3000, Confirmed: 3000, Failed: 0, TPS: 63.34593213539137
✔ Dataset metadata processed
ℹ Sleeping for 8.17 seconds - 4/2/2025, 8:16:48 AM
- Processing dataset metadata
- Processing tx sequence
ℹ Processed: 3000, Confirmed: 3000, Failed: 0, TPS: 63.33523339033505
✔ Dataset metadata processed
ℹ Sleeping for 8.21 seconds - 4/2/2025, 8:18:10 AM
- Processing dataset metadata
- Processing tx sequence
ℹ Processed: 3000, Confirmed: 3000, Failed: 0, TPS: 63.35529650278764
✔ Dataset metadata processed
ℹ Sleeping for 8.20 seconds - 4/2/2025, 8:19:32 AM
- Processing dataset metadata
- Processing tx sequence
ℹ Processed: 3000, Confirmed: 3000, Failed: 0, TPS: 61.443932411674346
✔ Dataset metadata processed
ℹ Sleeping for 6.74 seconds - 4/2/2025, 8:20:55 AM
- Processing dataset metadata
- Processing tx sequence
ℹ Processed: 3000, Confirmed: 3000, Failed: 0, TPS: 63.32721170286872
✔ Dataset metadata processed
ℹ Sleeping for 8.16 seconds - 4/2/2025, 8:22:17 AM
- Processing dataset metadata
- Processing tx sequence
ℹ Processed: 3000, Confirmed: 3000, Failed: 0, TPS: 63.34325711028062
✔ Dataset metadata processed
ℹ Sleeping for 8.22 seconds - 4/2/2025, 8:23:39 AM
- Processing dataset metadata
- Processing tx sequence
ℹ Processed: 3000, Confirmed: 3000, Failed: 0, TPS: 63.33523339033505
✔ Dataset metadata processed
ℹ Sleeping for 8.21 seconds - 4/2/2025, 8:25:00 AM
- Processing dataset metadata
- Processing tx sequence
ℹ Processed: 3000, Confirmed: 3000, Failed: 0, TPS: 63.348607386447625
✔ Dataset metadata processed
ℹ Sleeping for 8.14 seconds - 4/2/2025, 8:26:22 AM
- Processing dataset metadata
- Processing tx sequence
ℹ Processed: 3000, Confirmed: 3000, Failed: 0, TPS: 63.361987031913316
✔ Dataset metadata processed
ℹ Sleeping for 8.15 seconds - 4/2/2025, 8:27:44 AM
- Processing dataset metadata
- Processing tx sequence
ℹ Processed: 3000, Confirmed: 3000, Failed: 0, TPS: 63.336570535827384
✔ Dataset metadata processed
ℹ Sleeping for 8.18 seconds - 4/2/2025, 8:29:06 AM
- Processing dataset metadata
- Processing tx sequence
ℹ Processed: 3000, Confirmed: 3000, Failed: 0, TPS: 63.3445945945946
✔ Dataset metadata processed
ℹ Sleeping for 8.17 seconds - 4/2/2025, 8:30:28 AM
- Processing dataset metadata
- Processing tx sequence
ℹ Processed: 3000, Confirmed: 3000, Failed: 0, TPS: 63.32988537290747
✔ Dataset metadata processed
ℹ Sleeping for 8.11 seconds - 4/2/2025, 8:31:50 AM
- Processing dataset metadata
- Processing tx sequence
ℹ Processed: 3000, Confirmed: 3000, Failed: 0, TPS: 63.35529650278764
✔ Dataset metadata processed
ℹ Sleeping for 8.19 seconds - 4/2/2025, 8:33:12 AM
- Processing dataset metadata
- Processing tx sequence
ℹ Processed: 3000, Confirmed: 3000, Failed: 0, TPS: 63.35128286347799
✔ Dataset metadata processed
ℹ Sleeping for 8.22 seconds - 4/2/2025, 8:34:33 AM
- Processing dataset metadata
- Processing tx sequence
ℹ Processed: 3000, Confirmed: 3000, Failed: 0, TPS: 63.33523339033505
✔ Dataset metadata processed
ℹ Sleeping for 8.13 seconds - 4/2/2025, 8:35:55 AM
- Processing dataset metadata
- Processing tx sequence
ℹ Processed: 3000, Confirmed: 3000, Failed: 0, TPS: 63.34593213539137
✔ Dataset metadata processed
ℹ Sleeping for 8.13 seconds - 4/2/2025, 8:37:17 AM
- Processing dataset metadata
- Processing tx sequence
ℹ Processed: 3000, Confirmed: 3000, Failed: 0, TPS: 63.34593213539137
✔ Dataset metadata processed
ℹ Sleeping for 8.10 seconds - 4/2/2025, 8:38:39 AM
- Processing dataset metadata
- Processing tx sequence
ℹ Processed: 3000, Confirmed: 3000, Failed: 0, TPS: 63.34593213539137
✔ Dataset metadata processed
ℹ Sleeping for 8.22 seconds - 4/2/2025, 8:40:01 AM
- Processing dataset metadata
- Processing tx sequence
ℹ Processed: 3000, Confirmed: 3000, Failed: 0, TPS: 63.30850233186317
✔ Dataset metadata processed
ℹ Sleeping for 8.23 seconds - 4/2/2025, 8:41:23 AM
- Processing dataset metadata
- Processing tx sequence
ℹ Processed: 3000, Confirmed: 3000, Failed: 0, TPS: 63.3445945945946
✔ Dataset metadata processed
ℹ Sleeping for 8.19 seconds - 4/2/2025, 8:42:45 AM
- Processing dataset metadata
- Processing tx sequence
ℹ Processed: 3000, Confirmed: 3000, Failed: 0, TPS: 63.34191968244584
✔ Dataset metadata processed
ℹ Sleeping for 8.14 seconds - 4/2/2025, 8:44:07 AM
- Processing dataset metadata
- Processing tx sequence
ℹ Processed: 3000, Confirmed: 3000, Failed: 0, TPS: 63.359310650700124
✔ Dataset metadata processed
ℹ Sleeping for 8.17 seconds - 4/2/2025, 8:45:28 AM
- Processing dataset metadata
- Processing tx sequence
ℹ Processed: 3000, Confirmed: 3000, Failed: 0, TPS: 63.34593213539137
✔ Dataset metadata processed
ℹ Sleeping for 8.17 seconds - 4/2/2025, 8:46:50 AM
- Processing dataset metadata
- Processing tx sequence
ℹ Processed: 3000, Confirmed: 3000, Failed: 0, TPS: 63.34325711028062
✔ Dataset metadata processed
ℹ Sleeping for 8.19 seconds - 4/2/2025, 8:48:12 AM
- Processing dataset metadata
- Processing tx sequence
ℹ Processed: 3000, Confirmed: 3000, Failed: 0, TPS: 63.34058231108671
✔ Dataset metadata processed
ℹ Sleeping for 8.17 seconds - 4/2/2025, 8:49:34 AM
- Processing dataset metadata
- Processing tx sequence
ℹ Processed: 3000, Confirmed: 3000, Failed: 0, TPS: 63.35529650278764
✔ Dataset metadata processed
ℹ Sleeping for 8.16 seconds - 4/2/2025, 8:50:56 AM
- Processing dataset metadata
- Processing tx sequence
ℹ Processed: 3000, Confirmed: 3000, Failed: 0, TPS: 63.34325711028062
✔ Dataset metadata processed
ℹ Sleeping for 8.35 seconds - 4/2/2025, 8:52:18 AM
- Processing dataset metadata
- Processing tx sequence
ℹ Processed: 3000, Confirmed: 3000, Failed: 0, TPS: 63.3445945945946
✔ Dataset metadata processed
ℹ Sleeping for 8.18 seconds - 4/2/2025, 8:53:39 AM
- Processing dataset metadata
- Processing tx sequence
ℹ Processed: 3000, Confirmed: 3000, Failed: 0, TPS: 63.36332530731213
✔ Dataset metadata processed
ℹ Sleeping for 8.19 seconds - 4/2/2025, 8:55:01 AM
- Processing dataset metadata
- Processing tx sequence
ℹ Processed: 3000, Confirmed: 3000, Failed: 0, TPS: 63.339244996199646
✔ Dataset metadata processed
ℹ Sleeping for 8.15 seconds - 4/2/2025, 8:56:23 AM
- Processing dataset metadata
- Processing tx sequence
ℹ Processed: 3000, Confirmed: 3000, Failed: 0, TPS: 63.35128286347799
✔ Dataset metadata processed
ℹ Sleeping for 8.35 seconds - 4/2/2025, 8:57:45 AM
- Processing dataset metadata
- Processing tx sequence
ℹ Processed: 3000, Confirmed: 3000, Failed: 0, TPS: 63.3566344955756
✔ Dataset metadata processed
ℹ Sleeping for 8.19 seconds - 4/2/2025, 8:59:07 AM
- Processing dataset metadata
- Processing tx sequence
ℹ Processed: 3000, Confirmed: 3000, Failed: 0, TPS: 63.347269732674526
✔ Dataset metadata processed
ℹ Sleeping for 8.15 seconds - 4/2/2025, 9:00:29 AM
- Processing dataset metadata
- Processing tx sequence
ℹ Processed: 3000, Confirmed: 3000, Failed: 0, TPS: 63.348607386447625
✔ Dataset metadata processed
ℹ Sleeping for 8.20 seconds - 4/2/2025, 9:01:50 AM
- Processing dataset metadata
- Processing tx sequence
ℹ Processed: 3000, Confirmed: 3000, Failed: 0, TPS: 63.353958566511096
✔ Dataset metadata processed
ℹ Sleeping for 8.25 seconds - 4/2/2025, 9:03:12 AM
- Processing dataset metadata
- Processing tx sequence
ℹ Processed: 3000, Confirmed: 3000, Failed: 0, TPS: 63.366002027712064
✔ Dataset metadata processed
ℹ Sleeping for 8.26 seconds - 4/2/2025, 9:04:34 AM
- Processing dataset metadata
- Processing tx sequence
ℹ Processed: 3000, Confirmed: 3000, Failed: 0, TPS: 63.357972544878564
✔ Dataset metadata processed
ℹ Sleeping for 8.26 seconds - 4/2/2025, 9:05:56 AM
- Processing dataset metadata
- Processing tx sequence
ℹ Processed: 3000, Confirmed: 3000, Failed: 0, TPS: 63.347269732674526
✔ Dataset metadata processed
ℹ Sleeping for 8.18 seconds - 4/2/2025, 9:07:18 AM
- Processing dataset metadata
- Processing tx sequence
ℹ Processed: 3000, Confirmed: 3000, Failed: 0, TPS: 63.348607386447625
✔ Dataset metadata processed
ℹ Sleeping for 8.18 seconds - 4/2/2025, 9:08:39 AM
- Processing dataset metadata
- Processing tx sequence
ℹ Processed: 3000, Confirmed: 3000, Failed: 0, TPS: 63.360648813043845
✔ Dataset metadata processed
ℹ Sleeping for 8.19 seconds - 4/2/2025, 9:10:01 AM
- Processing dataset metadata
- Processing tx sequence
ℹ Processed: 3000, Confirmed: 3000, Failed: 0, TPS: 63.336570535827384
✔ Dataset metadata processed
ℹ Sleeping for 8.14 seconds - 4/2/2025, 9:11:23 AM
- Processing dataset metadata
- Processing tx sequence
ℹ Processed: 3000, Confirmed: 3000, Failed: 0, TPS: 61.270755468414926
✔ Dataset metadata processed
ℹ Sleeping for 6.70 seconds - 4/2/2025, 9:12:46 AM
- Processing dataset metadata
- Processing tx sequence
ℹ Processed: 3000, Confirmed: 3000, Failed: 0, TPS: 63.35529650278764
✔ Dataset metadata processed
ℹ Sleeping for 8.26 seconds - 4/2/2025, 9:14:08 AM
- Processing dataset metadata
- Processing tx sequence
./cron.sh: line 4: 139354 Hangup                  npx tsx src/bin.ts cron --participant Alice --job many-txs --interval 60 --txs-count 3000
